[1] "-------------------------------------------------------"
[1] "---------------------- Model Data ---------------------"
[1] "Model Type: Ranger (Random Forest)"
[1] "Data Index: "
[1] "Model UUID: 01233be9-bc10-4120-a03f-dcef650bec17"
[1] "---------------------- Confusion Matrix ---------------------"
Confusion Matrix and Statistics

                Reference
Prediction       Abiotic Graminoid Lichen Moss ShrubDecid ShrubEvergreen
  Abiotic             15         0      3    0          1              0
  Graminoid            0         1      0    0          0              0
  Lichen               0         0     12    5          2              9
  Moss                 0         2      0    6          1              2
  ShrubDecid           0         4      0    0          6              3
  ShrubEvergreen       0         8      0    3          1              0
  TreeBroadleaf        0         0      0    0          0              0
  TreeConifer          0         0      0    0          0              0
  Forb                 0         0      0    1          4              1
                Reference
Prediction       TreeBroadleaf TreeConifer Forb
  Abiotic                    0           0    0
  Graminoid                  0           0    0
  Lichen                     0           0    0
  Moss                       0           0    0
  ShrubDecid                11           0    0
  ShrubEvergreen             0           4    0
  TreeBroadleaf              0           0    0
  TreeConifer                0           3    0
  Forb                       4           8    0

Overall Statistics
                                         
               Accuracy : 0.3583         
                 95% CI : (0.2729, 0.451)
    No Information Rate : 0.125          
    P-Value [Acc > NIR] : 5.098e-11      
                                         
                  Kappa : 0.2821         
                                         
 Mcnemar's Test P-Value : NA             

Statistics by Class:

                     Class: Abiotic Class: Graminoid Class: Lichen Class: Moss
Sensitivity                  1.0000         0.066667        0.8000     0.40000
Specificity                  0.9619         1.000000        0.8476     0.95238
Pos Pred Value               0.7895         1.000000        0.4286     0.54545
Neg Pred Value               1.0000         0.882353        0.9674     0.91743
Precision                    0.7895         1.000000        0.4286     0.54545
Recall                       1.0000         0.066667        0.8000     0.40000
F1                           0.8824         0.125000        0.5581     0.46154
Prevalence                   0.1250         0.125000        0.1250     0.12500
Detection Rate               0.1250         0.008333        0.1000     0.05000
Detection Prevalence         0.1583         0.008333        0.2333     0.09167
Balanced Accuracy            0.9810         0.533333        0.8238     0.67619
                     Class: ShrubDecid Class: ShrubEvergreen
Sensitivity                     0.4000                0.0000
Specificity                     0.8286                0.8476
Pos Pred Value                  0.2500                0.0000
Neg Pred Value                  0.9063                0.8558
Precision                       0.2500                0.0000
Recall                          0.4000                0.0000
F1                              0.3077                   NaN
Prevalence                      0.1250                0.1250
Detection Rate                  0.0500                0.0000
Detection Prevalence            0.2000                0.1333
Balanced Accuracy               0.6143                0.4238
                     Class: TreeBroadleaf Class: TreeConifer Class: Forb
Sensitivity                         0.000             0.2000          NA
Specificity                         1.000             1.0000        0.85
Pos Pred Value                        NaN             1.0000          NA
Neg Pred Value                      0.875             0.8974          NA
Precision                              NA             1.0000        0.00
Recall                              0.000             0.2000          NA
F1                                     NA             0.3333          NA
Prevalence                          0.125             0.1250        0.00
Detection Rate                      0.000             0.0250        0.00
Detection Prevalence                0.000             0.0250        0.15
Balanced Accuracy                   0.500             0.6000          NA
[1] "---------------------- Class Distribution ---------------------"
.
       Abiotic           Forb      Graminoid         Lichen           Moss 
            19             18              1             28             11 
    ShrubDecid ShrubEvergreen  TreeBroadleaf    TreeConifer 
            24             16              0              3 
[1] "-------------------------------------------------------"
[1] "-------------------------------------------------------"
[1] "---------------------- Model Data ---------------------"
[1] "Model Type: Ranger (Random Forest)"
[1] "Data Index: "
[1] "Model UUID: 28ab433e-bbc9-4e2d-9630-063bc4aa6c88"
[1] "---------------------- Confusion Matrix ---------------------"
Confusion Matrix and Statistics

                Reference
Prediction       Abiotic Graminoid Lichen Moss ShrubDecid ShrubEvergreen
  Abiotic             15         0      2    0          1              0
  Graminoid            0         1      0    0          0              2
  Lichen               0         0     13    4          2              8
  Moss                 0         2      0    7          2              0
  ShrubDecid           0         4      0    0          6              1
  ShrubEvergreen       0         8      0    4          1              3
  TreeBroadleaf        0         0      0    0          0              0
  TreeConifer          0         0      0    0          0              0
  Forb                 0         0      0    0          3              1
                Reference
Prediction       TreeBroadleaf TreeConifer Forb
  Abiotic                    0           0    0
  Graminoid                  0           0    0
  Lichen                     0           0    0
  Moss                       0           0    0
  ShrubDecid                11           0    0
  ShrubEvergreen             1           3    0
  TreeBroadleaf              0           0    0
  TreeConifer                3           5    0
  Forb                       0           7    0

Overall Statistics
                                          
               Accuracy : 0.4167          
                 95% CI : (0.3274, 0.5102)
    No Information Rate : 0.125           
    P-Value [Acc > NIR] : 1.393e-15       
                                          
                  Kappa : 0.342           
                                          
 Mcnemar's Test P-Value : NA              

Statistics by Class:

                     Class: Abiotic Class: Graminoid Class: Lichen Class: Moss
Sensitivity                  1.0000         0.066667        0.8667     0.46667
Specificity                  0.9714         0.980952        0.8667     0.96190
Pos Pred Value               0.8333         0.333333        0.4815     0.63636
Neg Pred Value               1.0000         0.880342        0.9785     0.92661
Precision                    0.8333         0.333333        0.4815     0.63636
Recall                       1.0000         0.066667        0.8667     0.46667
F1                           0.9091         0.111111        0.6190     0.53846
Prevalence                   0.1250         0.125000        0.1250     0.12500
Detection Rate               0.1250         0.008333        0.1083     0.05833
Detection Prevalence         0.1500         0.025000        0.2250     0.09167
Balanced Accuracy            0.9857         0.523810        0.8667     0.71429
                     Class: ShrubDecid Class: ShrubEvergreen
Sensitivity                     0.4000                0.2000
Specificity                     0.8476                0.8381
Pos Pred Value                  0.2727                0.1500
Neg Pred Value                  0.9082                0.8800
Precision                       0.2727                0.1500
Recall                          0.4000                0.2000
F1                              0.3243                0.1714
Prevalence                      0.1250                0.1250
Detection Rate                  0.0500                0.0250
Detection Prevalence            0.1833                0.1667
Balanced Accuracy               0.6238                0.5190
                     Class: TreeBroadleaf Class: TreeConifer Class: Forb
Sensitivity                         0.000            0.33333          NA
Specificity                         1.000            0.97143     0.90833
Pos Pred Value                        NaN            0.62500          NA
Neg Pred Value                      0.875            0.91071          NA
Precision                              NA            0.62500     0.00000
Recall                              0.000            0.33333          NA
F1                                     NA            0.43478          NA
Prevalence                          0.125            0.12500     0.00000
Detection Rate                      0.000            0.04167     0.00000
Detection Prevalence                0.000            0.06667     0.09167
Balanced Accuracy                   0.500            0.65238          NA
[1] "---------------------- Class Distribution ---------------------"
.
       Abiotic           Forb      Graminoid         Lichen           Moss 
            18             11              3             27             11 
    ShrubDecid ShrubEvergreen  TreeBroadleaf    TreeConifer 
            22             20              0              8 
[1] "-------------------------------------------------------"
[1] "-------------------------------------------------------"
[1] "---------------------- Model Data ---------------------"
[1] "Model Type: Ranger (Random Forest)"
[1] "Data Index: "
[1] "Model UUID: a483bb6b-e23d-471d-8022-0c0afeb209cc"
[1] "---------------------- Confusion Matrix ---------------------"
Confusion Matrix and Statistics

                Reference
Prediction       Abiotic Graminoid Lichen Moss ShrubDecid ShrubEvergreen
  Abiotic             15         0      3    0          1              0
  Graminoid            0         2      0    0          1              0
  Lichen               0         0      8    1          1              5
  Moss                 0         2      0    8          1              0
  ShrubDecid           0         0      0    0          0              0
  ShrubEvergreen       0         0      0    1          0              0
  TreeBroadleaf        0         0      0    0          0              0
  TreeConifer          0         0      0    0          0              0
  Forb                 0        11      4    5         11             10
                Reference
Prediction       TreeBroadleaf TreeConifer Forb
  Abiotic                    0           0    0
  Graminoid                  0           0    0
  Lichen                     0           0    0
  Moss                       0           0    0
  ShrubDecid                 0           0    0
  ShrubEvergreen             5           0    0
  TreeBroadleaf              0           0    0
  TreeConifer                0           3    0
  Forb                      10          12    0

Overall Statistics
                                          
               Accuracy : 0.3             
                 95% CI : (0.2198, 0.3904)
    No Information Rate : 0.125           
    P-Value [Acc > NIR] : 3.301e-07       
                                          
                  Kappa : 0.2558          
                                          
 Mcnemar's Test P-Value : NA              

Statistics by Class:

                     Class: Abiotic Class: Graminoid Class: Lichen Class: Moss
Sensitivity                  1.0000          0.13333       0.53333     0.53333
Specificity                  0.9619          0.99048       0.93333     0.97143
Pos Pred Value               0.7895          0.66667       0.53333     0.72727
Neg Pred Value               1.0000          0.88889       0.93333     0.93578
Precision                    0.7895          0.66667       0.53333     0.72727
Recall                       1.0000          0.13333       0.53333     0.53333
F1                           0.8824          0.22222       0.53333     0.61538
Prevalence                   0.1250          0.12500       0.12500     0.12500
Detection Rate               0.1250          0.01667       0.06667     0.06667
Detection Prevalence         0.1583          0.02500       0.12500     0.09167
Balanced Accuracy            0.9810          0.56190       0.73333     0.75238
                     Class: ShrubDecid Class: ShrubEvergreen
Sensitivity                      0.000                0.0000
Specificity                      1.000                0.9429
Pos Pred Value                     NaN                0.0000
Neg Pred Value                   0.875                0.8684
Precision                           NA                0.0000
Recall                           0.000                0.0000
F1                                  NA                   NaN
Prevalence                       0.125                0.1250
Detection Rate                   0.000                0.0000
Detection Prevalence             0.000                0.0500
Balanced Accuracy                0.500                0.4714
                     Class: TreeBroadleaf Class: TreeConifer Class: Forb
Sensitivity                         0.000             0.2000          NA
Specificity                         1.000             1.0000       0.475
Pos Pred Value                        NaN             1.0000          NA
Neg Pred Value                      0.875             0.8974          NA
Precision                              NA             1.0000       0.000
Recall                              0.000             0.2000          NA
F1                                     NA             0.3333          NA
Prevalence                          0.125             0.1250       0.000
Detection Rate                      0.000             0.0250       0.000
Detection Prevalence                0.000             0.0250       0.525
Balanced Accuracy                   0.500             0.6000          NA
[1] "---------------------- Class Distribution ---------------------"
.
       Abiotic           Forb      Graminoid         Lichen           Moss 
            19             63              3             15             11 
    ShrubDecid ShrubEvergreen  TreeBroadleaf    TreeConifer 
             0              6              0              3 
[1] "-------------------------------------------------------"
[1] "-------------------------------------------------------"
[1] "---------------------- Model Data ---------------------"
[1] "Model Type: Ranger (Random Forest)"
[1] "Data Index: "
[1] "Model UUID: 02bd4de8-4c8d-4630-b7df-34f8d905b5cc"
[1] "---------------------- Confusion Matrix ---------------------"
Confusion Matrix and Statistics

                Reference
Prediction       Abiotic Graminoid Lichen Moss ShrubDecid ShrubEvergreen
  Abiotic             14         0      0    0          0              0
  Graminoid            0         0      0    1          3              3
  Lichen               1         0     14    0          2              4
  Moss                 0         0      0    4          0              0
  ShrubDecid           0         0      0    0          1              1
  ShrubEvergreen       0         0      0    0          0              0
  TreeBroadleaf        0         0      0    0          0              0
  TreeConifer          0         0      0    0          0              0
  Forb                 0        15      1   10          9              7
                Reference
Prediction       TreeBroadleaf TreeConifer Forb
  Abiotic                    0           0    0
  Graminoid                  0           0    0
  Lichen                     0           0    0
  Moss                       0           0    0
  ShrubDecid                 0           1    0
  ShrubEvergreen             0           0    0
  TreeBroadleaf              0           0    0
  TreeConifer                0           0    0
  Forb                      15          14    0

Overall Statistics
                                         
               Accuracy : 0.275          
                 95% CI : (0.1975, 0.364)
    No Information Rate : 0.125          
    P-Value [Acc > NIR] : 8.091e-06      
                                         
                  Kappa : 0.236          
                                         
 Mcnemar's Test P-Value : NA             

Statistics by Class:

                     Class: Abiotic Class: Graminoid Class: Lichen Class: Moss
Sensitivity                  0.9333          0.00000        0.9333     0.26667
Specificity                  1.0000          0.93333        0.9333     1.00000
Pos Pred Value               1.0000          0.00000        0.6667     1.00000
Neg Pred Value               0.9906          0.86726        0.9899     0.90517
Precision                    1.0000          0.00000        0.6667     1.00000
Recall                       0.9333          0.00000        0.9333     0.26667
F1                           0.9655              NaN        0.7778     0.42105
Prevalence                   0.1250          0.12500        0.1250     0.12500
Detection Rate               0.1167          0.00000        0.1167     0.03333
Detection Prevalence         0.1167          0.05833        0.1750     0.03333
Balanced Accuracy            0.9667          0.46667        0.9333     0.63333
                     Class: ShrubDecid Class: ShrubEvergreen
Sensitivity                   0.066667                 0.000
Specificity                   0.980952                 1.000
Pos Pred Value                0.333333                   NaN
Neg Pred Value                0.880342                 0.875
Precision                     0.333333                    NA
Recall                        0.066667                 0.000
F1                            0.111111                    NA
Prevalence                    0.125000                 0.125
Detection Rate                0.008333                 0.000
Detection Prevalence          0.025000                 0.000
Balanced Accuracy             0.523810                 0.500
                     Class: TreeBroadleaf Class: TreeConifer Class: Forb
Sensitivity                         0.000              0.000          NA
Specificity                         1.000              1.000      0.4083
Pos Pred Value                        NaN                NaN          NA
Neg Pred Value                      0.875              0.875          NA
Precision                              NA                 NA      0.0000
Recall                              0.000              0.000          NA
F1                                     NA                 NA          NA
Prevalence                          0.125              0.125      0.0000
Detection Rate                      0.000              0.000      0.0000
Detection Prevalence                0.000              0.000      0.5917
Balanced Accuracy                   0.500              0.500          NA
[1] "---------------------- Class Distribution ---------------------"
.
       Abiotic           Forb      Graminoid         Lichen           Moss 
            14             71              7             21              4 
    ShrubDecid ShrubEvergreen  TreeBroadleaf    TreeConifer 
             3              0              0              0 
[1] "-------------------------------------------------------"
[1] "-------------------------------------------------------"
[1] "---------------------- Model Data ---------------------"
[1] "Model Type: Ranger (Random Forest)"
[1] "Data Index: "
[1] "Model UUID: 83e9242a-a5f5-4987-b721-af6e634ec24e"
[1] "---------------------- Confusion Matrix ---------------------"
Confusion Matrix and Statistics

                Reference
Prediction       Abiotic Graminoid Lichen Moss ShrubDecid ShrubEvergreen
  Abiotic             14         0      0    0          0              0
  Graminoid            0         1      1    1          2              1
  Lichen               1         0     11    0          2              4
  Moss                 0         0      0    0          0              0
  ShrubDecid           0         4      0    3          3              1
  ShrubEvergreen       0         0      0    3          0              0
  TreeBroadleaf        0         0      0    0          0              0
  TreeConifer          0         0      0    0          0              6
  Forb                 0        10      3    8          8              3
                Reference
Prediction       TreeBroadleaf TreeConifer Forb
  Abiotic                    0           0    0
  Graminoid                  0           0    0
  Lichen                     0           0    0
  Moss                       0           0    0
  ShrubDecid                10           2    0
  ShrubEvergreen             2           0    0
  TreeBroadleaf              0           0    0
  TreeConifer                0           5    0
  Forb                       3           8    0

Overall Statistics
                                          
               Accuracy : 0.2833          
                 95% CI : (0.2049, 0.3728)
    No Information Rate : 0.125           
    P-Value [Acc > NIR] : 2.896e-06       
                                          
                  Kappa : 0.2208          
                                          
 Mcnemar's Test P-Value : NA              

Statistics by Class:

                     Class: Abiotic Class: Graminoid Class: Lichen Class: Moss
Sensitivity                  0.9333         0.066667       0.73333       0.000
Specificity                  1.0000         0.952381       0.93333       1.000
Pos Pred Value               1.0000         0.166667       0.61111         NaN
Neg Pred Value               0.9906         0.877193       0.96078       0.875
Precision                    1.0000         0.166667       0.61111          NA
Recall                       0.9333         0.066667       0.73333       0.000
F1                           0.9655         0.095238       0.66667          NA
Prevalence                   0.1250         0.125000       0.12500       0.125
Detection Rate               0.1167         0.008333       0.09167       0.000
Detection Prevalence         0.1167         0.050000       0.15000       0.000
Balanced Accuracy            0.9667         0.509524       0.83333       0.500
                     Class: ShrubDecid Class: ShrubEvergreen
Sensitivity                     0.2000               0.00000
Specificity                     0.8095               0.95238
Pos Pred Value                  0.1304               0.00000
Neg Pred Value                  0.8763               0.86957
Precision                       0.1304               0.00000
Recall                          0.2000               0.00000
F1                              0.1579                   NaN
Prevalence                      0.1250               0.12500
Detection Rate                  0.0250               0.00000
Detection Prevalence            0.1917               0.04167
Balanced Accuracy               0.5048               0.47619
                     Class: TreeBroadleaf Class: TreeConifer Class: Forb
Sensitivity                         0.000            0.33333          NA
Specificity                         1.000            0.94286      0.6417
Pos Pred Value                        NaN            0.45455          NA
Neg Pred Value                      0.875            0.90826          NA
Precision                              NA            0.45455      0.0000
Recall                              0.000            0.33333          NA
F1                                     NA            0.38462          NA
Prevalence                          0.125            0.12500      0.0000
Detection Rate                      0.000            0.04167      0.0000
Detection Prevalence                0.000            0.09167      0.3583
Balanced Accuracy                   0.500            0.63810          NA
[1] "---------------------- Class Distribution ---------------------"
.
       Abiotic           Forb      Graminoid         Lichen           Moss 
            14             43              6             18              0 
    ShrubDecid ShrubEvergreen  TreeBroadleaf    TreeConifer 
            23              5              0             11 
[1] "-------------------------------------------------------"
[1] "-------------------------------------------------------"
[1] "---------------------- Model Data ---------------------"
[1] "Model Type: Ranger (Random Forest)"
[1] "Data Index: "
[1] "Model UUID: c76a8a29-4426-4374-b28b-0bf06e61ce67"
[1] "---------------------- Confusion Matrix ---------------------"
Confusion Matrix and Statistics

                Reference
Prediction       Abiotic Graminoid Lichen Moss ShrubDecid ShrubEvergreen
  Abiotic             15         0      0    0          0              0
  Graminoid            0         0      0    0          1              0
  Lichen               0         0     12    0          2              1
  Moss                 0         0      0    0          0              0
  ShrubDecid           0         0      0    0          0              0
  ShrubEvergreen       0         0      0    0          0              0
  TreeBroadleaf        0         0      0    0          0              0
  TreeConifer          0         0      0    0          0              0
  Forb                 0        15      3   15         12             14
                Reference
Prediction       TreeBroadleaf TreeConifer Forb
  Abiotic                    0           0    0
  Graminoid                  0           0    0
  Lichen                     0           0    0
  Moss                       0           0    0
  ShrubDecid                 0           0    0
  ShrubEvergreen             7           0    0
  TreeBroadleaf              0           0    0
  TreeConifer                0           0    0
  Forb                       8          15    0

Overall Statistics
                                          
               Accuracy : 0.225           
                 95% CI : (0.1538, 0.3102)
    No Information Rate : 0.125           
    P-Value [Acc > NIR] : 0.001639        
                                          
                  Kappa : 0.1931          
                                          
 Mcnemar's Test P-Value : NA              

Statistics by Class:

                     Class: Abiotic Class: Graminoid Class: Lichen Class: Moss
Sensitivity                   1.000         0.000000        0.8000       0.000
Specificity                   1.000         0.990476        0.9714       1.000
Pos Pred Value                1.000         0.000000        0.8000         NaN
Neg Pred Value                1.000         0.873950        0.9714       0.875
Precision                     1.000         0.000000        0.8000          NA
Recall                        1.000         0.000000        0.8000       0.000
F1                            1.000              NaN        0.8000          NA
Prevalence                    0.125         0.125000        0.1250       0.125
Detection Rate                0.125         0.000000        0.1000       0.000
Detection Prevalence          0.125         0.008333        0.1250       0.000
Balanced Accuracy             1.000         0.495238        0.8857       0.500
                     Class: ShrubDecid Class: ShrubEvergreen
Sensitivity                      0.000               0.00000
Specificity                      1.000               0.93333
Pos Pred Value                     NaN               0.00000
Neg Pred Value                   0.875               0.86726
Precision                           NA               0.00000
Recall                           0.000               0.00000
F1                                  NA                   NaN
Prevalence                       0.125               0.12500
Detection Rate                   0.000               0.00000
Detection Prevalence             0.000               0.05833
Balanced Accuracy                0.500               0.46667
                     Class: TreeBroadleaf Class: TreeConifer Class: Forb
Sensitivity                         0.000              0.000          NA
Specificity                         1.000              1.000      0.3167
Pos Pred Value                        NaN                NaN          NA
Neg Pred Value                      0.875              0.875          NA
Precision                              NA                 NA      0.0000
Recall                              0.000              0.000          NA
F1                                     NA                 NA          NA
Prevalence                          0.125              0.125      0.0000
Detection Rate                      0.000              0.000      0.0000
Detection Prevalence                0.000              0.000      0.6833
Balanced Accuracy                   0.500              0.500          NA
[1] "---------------------- Class Distribution ---------------------"
.
       Abiotic           Forb      Graminoid         Lichen           Moss 
            15             82              1             15              0 
    ShrubDecid ShrubEvergreen  TreeBroadleaf    TreeConifer 
             0              7              0              0 
[1] "-------------------------------------------------------"
[1] "-------------------------------------------------------"
[1] "---------------------- Model Data ---------------------"
[1] "Model Type: Ranger (Random Forest)"
[1] "Data Index: "
[1] "Model UUID: c6b3200e-2059-470b-bbee-b2ceff06f8d4"
[1] "---------------------- Confusion Matrix ---------------------"
Confusion Matrix and Statistics

                Reference
Prediction       Abiotic Graminoid Lichen Moss ShrubDecid ShrubEvergreen
  Abiotic             15         0      0    0          0              0
  Graminoid            0        13      0    2          9              0
  Lichen               0         0     14    1          2              5
  Moss                 0         2      1    8          1              0
  ShrubDecid           0         0      0    0          0              0
  ShrubEvergreen       0         0      0    0          3              8
  TreeBroadleaf        0         0      0    0          0              0
  TreeConifer          0         0      0    0          0              0
  Forb                 0         0      0    4          0              2
                Reference
Prediction       TreeBroadleaf TreeConifer Forb
  Abiotic                    0           0    0
  Graminoid                  9           3    0
  Lichen                     0           0    0
  Moss                       0           0    0
  ShrubDecid                 4           6    0
  ShrubEvergreen             1           2    0
  TreeBroadleaf              0           0    0
  TreeConifer                0           0    0
  Forb                       1           4    0

Overall Statistics
                                          
               Accuracy : 0.4833          
                 95% CI : (0.3912, 0.5763)
    No Information Rate : 0.125           
    P-Value [Acc > NIR] : < 2.2e-16       
                                          
                  Kappa : 0.4172          
                                          
 Mcnemar's Test P-Value : NA              

Statistics by Class:

                     Class: Abiotic Class: Graminoid Class: Lichen Class: Moss
Sensitivity                   1.000           0.8667        0.9333     0.53333
Specificity                   1.000           0.7810        0.9238     0.96190
Pos Pred Value                1.000           0.3611        0.6364     0.66667
Neg Pred Value                1.000           0.9762        0.9898     0.93519
Precision                     1.000           0.3611        0.6364     0.66667
Recall                        1.000           0.8667        0.9333     0.53333
F1                            1.000           0.5098        0.7568     0.59259
Prevalence                    0.125           0.1250        0.1250     0.12500
Detection Rate                0.125           0.1083        0.1167     0.06667
Detection Prevalence          0.125           0.3000        0.1833     0.10000
Balanced Accuracy             1.000           0.8238        0.9286     0.74762
                     Class: ShrubDecid Class: ShrubEvergreen
Sensitivity                    0.00000               0.53333
Specificity                    0.90476               0.94286
Pos Pred Value                 0.00000               0.57143
Neg Pred Value                 0.86364               0.93396
Precision                      0.00000               0.57143
Recall                         0.00000               0.53333
F1                                 NaN               0.55172
Prevalence                     0.12500               0.12500
Detection Rate                 0.00000               0.06667
Detection Prevalence           0.08333               0.11667
Balanced Accuracy              0.45238               0.73810
                     Class: TreeBroadleaf Class: TreeConifer Class: Forb
Sensitivity                         0.000              0.000          NA
Specificity                         1.000              1.000     0.90833
Pos Pred Value                        NaN                NaN          NA
Neg Pred Value                      0.875              0.875          NA
Precision                              NA                 NA     0.00000
Recall                              0.000              0.000          NA
F1                                     NA                 NA          NA
Prevalence                          0.125              0.125     0.00000
Detection Rate                      0.000              0.000     0.00000
Detection Prevalence                0.000              0.000     0.09167
Balanced Accuracy                   0.500              0.500          NA
[1] "---------------------- Class Distribution ---------------------"
.
       Abiotic           Forb      Graminoid         Lichen           Moss 
            15             11             36             22             12 
    ShrubDecid ShrubEvergreen  TreeBroadleaf    TreeConifer 
            10             14              0              0 
[1] "-------------------------------------------------------"
[1] "-------------------------------------------------------"
[1] "---------------------- Model Data ---------------------"
[1] "Model Type: Ranger (Random Forest)"
[1] "Data Index: "
[1] "Model UUID: 21146891-a40e-4f5e-a7b7-cc059ba5450b"
[1] "---------------------- Confusion Matrix ---------------------"
Confusion Matrix and Statistics

                Reference
Prediction       Abiotic Graminoid Lichen Moss ShrubDecid ShrubEvergreen
  Abiotic             15         0      0    0          0              0
  Graminoid            0        13      0    1         10              0
  Lichen               0         0      6    1          2              4
  Moss                 0         2      9    8          1              0
  ShrubDecid           0         0      0    0          0              0
  ShrubEvergreen       0         0      0    0          2             11
  TreeBroadleaf        0         0      0    0          0              0
  TreeConifer          0         0      0    0          0              0
  Forb                 0         0      0    5          0              0
                Reference
Prediction       TreeBroadleaf TreeConifer Forb
  Abiotic                    0           0    0
  Graminoid                 13           7    0
  Lichen                     0           0    0
  Moss                       0           0    0
  ShrubDecid                 1           2    0
  ShrubEvergreen             1           4    0
  TreeBroadleaf              0           0    0
  TreeConifer                0           0    0
  Forb                       0           2    0

Overall Statistics
                                          
               Accuracy : 0.4417          
                 95% CI : (0.3511, 0.5352)
    No Information Rate : 0.125           
    P-Value [Acc > NIR] : < 2.2e-16       
                                          
                  Kappa : 0.3672          
                                          
 Mcnemar's Test P-Value : NA              

Statistics by Class:

                     Class: Abiotic Class: Graminoid Class: Lichen Class: Moss
Sensitivity                   1.000           0.8667        0.4000     0.53333
Specificity                   1.000           0.7048        0.9333     0.88571
Pos Pred Value                1.000           0.2955        0.4615     0.40000
Neg Pred Value                1.000           0.9737        0.9159     0.93000
Precision                     1.000           0.2955        0.4615     0.40000
Recall                        1.000           0.8667        0.4000     0.53333
F1                            1.000           0.4407        0.4286     0.45714
Prevalence                    0.125           0.1250        0.1250     0.12500
Detection Rate                0.125           0.1083        0.0500     0.06667
Detection Prevalence          0.125           0.3667        0.1083     0.16667
Balanced Accuracy             1.000           0.7857        0.6667     0.70952
                     Class: ShrubDecid Class: ShrubEvergreen
Sensitivity                     0.0000               0.73333
Specificity                     0.9714               0.93333
Pos Pred Value                  0.0000               0.61111
Neg Pred Value                  0.8718               0.96078
Precision                       0.0000               0.61111
Recall                          0.0000               0.73333
F1                                 NaN               0.66667
Prevalence                      0.1250               0.12500
Detection Rate                  0.0000               0.09167
Detection Prevalence            0.0250               0.15000
Balanced Accuracy               0.4857               0.83333
                     Class: TreeBroadleaf Class: TreeConifer Class: Forb
Sensitivity                         0.000              0.000          NA
Specificity                         1.000              1.000     0.94167
Pos Pred Value                        NaN                NaN          NA
Neg Pred Value                      0.875              0.875          NA
Precision                              NA                 NA     0.00000
Recall                              0.000              0.000          NA
F1                                     NA                 NA          NA
Prevalence                          0.125              0.125     0.00000
Detection Rate                      0.000              0.000     0.00000
Detection Prevalence                0.000              0.000     0.05833
Balanced Accuracy                   0.500              0.500          NA
[1] "---------------------- Class Distribution ---------------------"
.
       Abiotic           Forb      Graminoid         Lichen           Moss 
            15              7             44             13             20 
    ShrubDecid ShrubEvergreen  TreeBroadleaf    TreeConifer 
             3             18              0              0 
[1] "-------------------------------------------------------"
[1] "-------------------------------------------------------"
[1] "---------------------- Model Data ---------------------"
[1] "Model Type: Ranger (Random Forest)"
[1] "Data Index: "
[1] "Model UUID: 6b1e3be0-2fb0-4ee9-9b97-cbb9634243bb"
[1] "---------------------- Confusion Matrix ---------------------"
Confusion Matrix and Statistics

                Reference
Prediction       Abiotic Graminoid Lichen Moss ShrubDecid ShrubEvergreen
  Abiotic             15         0      0    0          0              0
  Graminoid            0         0      0    0          2              0
  Lichen               0         0      3    1          2              4
  Moss                 0         2     11    8          2              5
  ShrubDecid           0         0      0    0          0              0
  ShrubEvergreen       0         0      0    0          1              0
  TreeBroadleaf        0         0      0    0          0              0
  TreeConifer          0         0      0    0          0              0
  Forb                 0        13      1    6          8              6
                Reference
Prediction       TreeBroadleaf TreeConifer Forb
  Abiotic                    0           0    0
  Graminoid                  4           0    0
  Lichen                     0           0    0
  Moss                       0           0    0
  ShrubDecid                 0           0    0
  ShrubEvergreen             0           0    0
  TreeBroadleaf              0           0    0
  TreeConifer                0           0    0
  Forb                      11          15    0

Overall Statistics
                                          
               Accuracy : 0.2167          
                 95% CI : (0.1467, 0.3011)
    No Information Rate : 0.125           
    P-Value [Acc > NIR] : 0.003425        
                                          
                  Kappa : 0.1644          
                                          
 Mcnemar's Test P-Value : NA              

Statistics by Class:

                     Class: Abiotic Class: Graminoid Class: Lichen Class: Moss
Sensitivity                   1.000           0.0000       0.20000     0.53333
Specificity                   1.000           0.9429       0.93333     0.80952
Pos Pred Value                1.000           0.0000       0.30000     0.28571
Neg Pred Value                1.000           0.8684       0.89091     0.92391
Precision                     1.000           0.0000       0.30000     0.28571
Recall                        1.000           0.0000       0.20000     0.53333
F1                            1.000              NaN       0.24000     0.37209
Prevalence                    0.125           0.1250       0.12500     0.12500
Detection Rate                0.125           0.0000       0.02500     0.06667
Detection Prevalence          0.125           0.0500       0.08333     0.23333
Balanced Accuracy             1.000           0.4714       0.56667     0.67143
                     Class: ShrubDecid Class: ShrubEvergreen
Sensitivity                      0.000              0.000000
Specificity                      1.000              0.990476
Pos Pred Value                     NaN              0.000000
Neg Pred Value                   0.875              0.873950
Precision                           NA              0.000000
Recall                           0.000              0.000000
F1                                  NA                   NaN
Prevalence                       0.125              0.125000
Detection Rate                   0.000              0.000000
Detection Prevalence             0.000              0.008333
Balanced Accuracy                0.500              0.495238
                     Class: TreeBroadleaf Class: TreeConifer Class: Forb
Sensitivity                         0.000              0.000          NA
Specificity                         1.000              1.000         0.5
Pos Pred Value                        NaN                NaN          NA
Neg Pred Value                      0.875              0.875          NA
Precision                              NA                 NA         0.0
Recall                              0.000              0.000          NA
F1                                     NA                 NA          NA
Prevalence                          0.125              0.125         0.0
Detection Rate                      0.000              0.000         0.0
Detection Prevalence                0.000              0.000         0.5
Balanced Accuracy                   0.500              0.500          NA
[1] "---------------------- Class Distribution ---------------------"
.
       Abiotic           Forb      Graminoid         Lichen           Moss 
            15             60              6             10             28 
    ShrubDecid ShrubEvergreen  TreeBroadleaf    TreeConifer 
             0              1              0              0 
[1] "-------------------------------------------------------"
[1] "-------------------------------------------------------"
[1] "---------------------- Model Data ---------------------"
[1] "Model Type: Ranger (Random Forest)"
[1] "Data Index: "
[1] "Model UUID: 92f7d6c2-3c6c-4d85-9b99-5adf8f167755"
[1] "---------------------- Confusion Matrix ---------------------"
Confusion Matrix and Statistics

                Reference
Prediction       Abiotic Graminoid Lichen Moss ShrubDecid ShrubEvergreen
  Abiotic             15         0      1    0          0              0
  Graminoid            0        10      0    0          2              2
  Lichen               0         0     14    3          3              7
  Moss                 0         2      0    6          1              0
  ShrubDecid           0         0      0    0          3              4
  ShrubEvergreen       0         2      0    4          1              2
  TreeBroadleaf        0         0      0    0          0              0
  TreeConifer          0         0      0    0          0              0
  Forb                 0         1      0    2          5              0
                Reference
Prediction       TreeBroadleaf TreeConifer Forb
  Abiotic                    0           0    0
  Graminoid                  0           2    0
  Lichen                     0           0    0
  Moss                       0           0    0
  ShrubDecid                 7           2    0
  ShrubEvergreen             0           2    0
  TreeBroadleaf              0           0    0
  TreeConifer                0           2    0
  Forb                       8           7    0

Overall Statistics
                                          
               Accuracy : 0.4333          
                 95% CI : (0.3432, 0.5269)
    No Information Rate : 0.125           
    P-Value [Acc > NIR] : < 2.2e-16       
                                          
                  Kappa : 0.3696          
                                          
 Mcnemar's Test P-Value : NA              

Statistics by Class:

                     Class: Abiotic Class: Graminoid Class: Lichen Class: Moss
Sensitivity                  1.0000          0.66667        0.9333      0.4000
Specificity                  0.9905          0.94286        0.8762      0.9714
Pos Pred Value               0.9375          0.62500        0.5185      0.6667
Neg Pred Value               1.0000          0.95192        0.9892      0.9189
Precision                    0.9375          0.62500        0.5185      0.6667
Recall                       1.0000          0.66667        0.9333      0.4000
F1                           0.9677          0.64516        0.6667      0.5000
Prevalence                   0.1250          0.12500        0.1250      0.1250
Detection Rate               0.1250          0.08333        0.1167      0.0500
Detection Prevalence         0.1333          0.13333        0.2250      0.0750
Balanced Accuracy            0.9952          0.80476        0.9048      0.6857
                     Class: ShrubDecid Class: ShrubEvergreen
Sensitivity                     0.2000               0.13333
Specificity                     0.8762               0.91429
Pos Pred Value                  0.1875               0.18182
Neg Pred Value                  0.8846               0.88073
Precision                       0.1875               0.18182
Recall                          0.2000               0.13333
F1                              0.1935               0.15385
Prevalence                      0.1250               0.12500
Detection Rate                  0.0250               0.01667
Detection Prevalence            0.1333               0.09167
Balanced Accuracy               0.5381               0.52381
                     Class: TreeBroadleaf Class: TreeConifer Class: Forb
Sensitivity                         0.000            0.13333          NA
Specificity                         1.000            1.00000      0.8083
Pos Pred Value                        NaN            1.00000          NA
Neg Pred Value                      0.875            0.88983          NA
Precision                              NA            1.00000      0.0000
Recall                              0.000            0.13333          NA
F1                                     NA            0.23529          NA
Prevalence                          0.125            0.12500      0.0000
Detection Rate                      0.000            0.01667      0.0000
Detection Prevalence                0.000            0.01667      0.1917
Balanced Accuracy                   0.500            0.56667          NA
[1] "---------------------- Class Distribution ---------------------"
.
       Abiotic           Forb      Graminoid         Lichen           Moss 
            16             23             16             27              9 
    ShrubDecid ShrubEvergreen  TreeBroadleaf    TreeConifer 
            16             11              0              2 
[1] "-------------------------------------------------------"
[1] "-------------------------------------------------------"
[1] "---------------------- Model Data ---------------------"
[1] "Model Type: Ranger (Random Forest)"
[1] "Data Index: "
[1] "Model UUID: 7e116986-1483-4592-bd69-4422f898fc36"
[1] "---------------------- Confusion Matrix ---------------------"
Confusion Matrix and Statistics

                Reference
Prediction       Abiotic Graminoid Lichen Moss ShrubDecid ShrubEvergreen
  Abiotic             15         0      0    0          0              0
  Graminoid            0        10      0    0          4              3
  Lichen               0         0     14    3          3              7
  Moss                 0         2      1    6          1              0
  ShrubDecid           0         0      0    0          1              0
  ShrubEvergreen       0         3      0    5          2              5
  TreeBroadleaf        0         0      0    0          0              0
  TreeConifer          0         0      0    0          0              0
  Forb                 0         0      0    1          4              0
                Reference
Prediction       TreeBroadleaf TreeConifer Forb
  Abiotic                    0           0    0
  Graminoid                  1           3    0
  Lichen                     0           0    0
  Moss                       0           0    0
  ShrubDecid                 5           0    0
  ShrubEvergreen             1           3    0
  TreeBroadleaf              2           0    0
  TreeConifer                0           4    0
  Forb                       6           5    0

Overall Statistics
                                          
               Accuracy : 0.475           
                 95% CI : (0.3831, 0.5682)
    No Information Rate : 0.125           
    P-Value [Acc > NIR] : < 2.2e-16       
                                          
                  Kappa : 0.4112          
                                          
 Mcnemar's Test P-Value : NA              

Statistics by Class:

                     Class: Abiotic Class: Graminoid Class: Lichen Class: Moss
Sensitivity                   1.000          0.66667        0.9333     0.40000
Specificity                   1.000          0.89524        0.8762     0.96190
Pos Pred Value                1.000          0.47619        0.5185     0.60000
Neg Pred Value                1.000          0.94949        0.9892     0.91818
Precision                     1.000          0.47619        0.5185     0.60000
Recall                        1.000          0.66667        0.9333     0.40000
F1                            1.000          0.55556        0.6667     0.48000
Prevalence                    0.125          0.12500        0.1250     0.12500
Detection Rate                0.125          0.08333        0.1167     0.05000
Detection Prevalence          0.125          0.17500        0.2250     0.08333
Balanced Accuracy             1.000          0.78095        0.9048     0.68095
                     Class: ShrubDecid Class: ShrubEvergreen
Sensitivity                   0.066667               0.33333
Specificity                   0.952381               0.86667
Pos Pred Value                0.166667               0.26316
Neg Pred Value                0.877193               0.90099
Precision                     0.166667               0.26316
Recall                        0.066667               0.33333
F1                            0.095238               0.29412
Prevalence                    0.125000               0.12500
Detection Rate                0.008333               0.04167
Detection Prevalence          0.050000               0.15833
Balanced Accuracy             0.509524               0.60000
                     Class: TreeBroadleaf Class: TreeConifer Class: Forb
Sensitivity                       0.13333            0.26667          NA
Specificity                       1.00000            1.00000      0.8667
Pos Pred Value                    1.00000            1.00000          NA
Neg Pred Value                    0.88983            0.90517          NA
Precision                         1.00000            1.00000      0.0000
Recall                            0.13333            0.26667          NA
F1                                0.23529            0.42105          NA
Prevalence                        0.12500            0.12500      0.0000
Detection Rate                    0.01667            0.03333      0.0000
Detection Prevalence              0.01667            0.03333      0.1333
Balanced Accuracy                 0.56667            0.63333          NA
[1] "---------------------- Class Distribution ---------------------"
.
       Abiotic           Forb      Graminoid         Lichen           Moss 
            15             16             21             27             10 
    ShrubDecid ShrubEvergreen  TreeBroadleaf    TreeConifer 
             6             19              2              4 
[1] "-------------------------------------------------------"
[1] "-------------------------------------------------------"
[1] "---------------------- Model Data ---------------------"
[1] "Model Type: Ranger (Random Forest)"
[1] "Data Index: "
[1] "Model UUID: c6ff416c-619f-4232-949c-1968e53598f5"
[1] "---------------------- Confusion Matrix ---------------------"
Confusion Matrix and Statistics

                Reference
Prediction       Abiotic Graminoid Lichen Moss ShrubDecid ShrubEvergreen
  Abiotic             15         0      2    0          0              0
  Graminoid            0         4      0    0          2              0
  Lichen               0         0      9    0          2              1
  Moss                 0         2      1    8          1              0
  ShrubDecid           0         0      0    0          0              0
  ShrubEvergreen       0         0      0    0          0              0
  TreeBroadleaf        0         0      0    0          0              0
  TreeConifer          0         0      0    0          0              0
  Forb                 0         9      3    7         10             14
                Reference
Prediction       TreeBroadleaf TreeConifer Forb
  Abiotic                    0           0    0
  Graminoid                  0           0    0
  Lichen                     0           0    0
  Moss                       0           0    0
  ShrubDecid                 0           0    0
  ShrubEvergreen             2           0    0
  TreeBroadleaf              0           0    0
  TreeConifer                0           3    0
  Forb                      13          12    0

Overall Statistics
                                          
               Accuracy : 0.325           
                 95% CI : (0.2423, 0.4165)
    No Information Rate : 0.125           
    P-Value [Acc > NIR] : 9.563e-09       
                                          
                  Kappa : 0.2863          
                                          
 Mcnemar's Test P-Value : NA              

Statistics by Class:

                     Class: Abiotic Class: Graminoid Class: Lichen Class: Moss
Sensitivity                  1.0000          0.26667        0.6000     0.53333
Specificity                  0.9810          0.98095        0.9714     0.96190
Pos Pred Value               0.8824          0.66667        0.7500     0.66667
Neg Pred Value               1.0000          0.90351        0.9444     0.93519
Precision                    0.8824          0.66667        0.7500     0.66667
Recall                       1.0000          0.26667        0.6000     0.53333
F1                           0.9375          0.38095        0.6667     0.59259
Prevalence                   0.1250          0.12500        0.1250     0.12500
Detection Rate               0.1250          0.03333        0.0750     0.06667
Detection Prevalence         0.1417          0.05000        0.1000     0.10000
Balanced Accuracy            0.9905          0.62381        0.7857     0.74762
                     Class: ShrubDecid Class: ShrubEvergreen
Sensitivity                      0.000               0.00000
Specificity                      1.000               0.98095
Pos Pred Value                     NaN               0.00000
Neg Pred Value                   0.875               0.87288
Precision                           NA               0.00000
Recall                           0.000               0.00000
F1                                  NA                   NaN
Prevalence                       0.125               0.12500
Detection Rate                   0.000               0.00000
Detection Prevalence             0.000               0.01667
Balanced Accuracy                0.500               0.49048
                     Class: TreeBroadleaf Class: TreeConifer Class: Forb
Sensitivity                         0.000             0.2000          NA
Specificity                         1.000             1.0000      0.4333
Pos Pred Value                        NaN             1.0000          NA
Neg Pred Value                      0.875             0.8974          NA
Precision                              NA             1.0000      0.0000
Recall                              0.000             0.2000          NA
F1                                     NA             0.3333          NA
Prevalence                          0.125             0.1250      0.0000
Detection Rate                      0.000             0.0250      0.0000
Detection Prevalence                0.000             0.0250      0.5667
Balanced Accuracy                   0.500             0.6000          NA
[1] "---------------------- Class Distribution ---------------------"
.
       Abiotic           Forb      Graminoid         Lichen           Moss 
            17             68              6             12             12 
    ShrubDecid ShrubEvergreen  TreeBroadleaf    TreeConifer 
             0              2              0              3 
[1] "-------------------------------------------------------"
[1] "-------------------------------------------------------"
[1] "---------------------- Model Data ---------------------"
[1] "Model Type: Ranger (Random Forest)"
[1] "Data Index: "
[1] "Model UUID: a0f90cc3-583d-4958-8cea-babaab471cb6"
[1] "---------------------- Confusion Matrix ---------------------"
Confusion Matrix and Statistics

                Reference
Prediction       Abiotic Graminoid Lichen Moss ShrubDecid ShrubEvergreen
  Abiotic             15         0      3    0          1              0
  Graminoid            0         1      0    0          0              0
  Lichen               0         0     12    5          2              9
  Moss                 0         2      0    6          1              2
  ShrubDecid           0         4      0    0          6              3
  ShrubEvergreen       0         8      0    3          1              0
  TreeBroadleaf        0         0      0    0          0              0
  TreeConifer          0         0      0    0          0              0
  Forb                 0         0      0    1          4              1
                Reference
Prediction       TreeBroadleaf TreeConifer Forb
  Abiotic                    0           0    0
  Graminoid                  0           0    0
  Lichen                     0           0    0
  Moss                       0           0    0
  ShrubDecid                11           0    0
  ShrubEvergreen             0           4    0
  TreeBroadleaf              0           0    0
  TreeConifer                0           3    0
  Forb                       4           8    0

Overall Statistics
                                         
               Accuracy : 0.3583         
                 95% CI : (0.2729, 0.451)
    No Information Rate : 0.125          
    P-Value [Acc > NIR] : 5.098e-11      
                                         
                  Kappa : 0.2821         
                                         
 Mcnemar's Test P-Value : NA             

Statistics by Class:

                     Class: Abiotic Class: Graminoid Class: Lichen Class: Moss
Sensitivity                  1.0000         0.066667        0.8000     0.40000
Specificity                  0.9619         1.000000        0.8476     0.95238
Pos Pred Value               0.7895         1.000000        0.4286     0.54545
Neg Pred Value               1.0000         0.882353        0.9674     0.91743
Precision                    0.7895         1.000000        0.4286     0.54545
Recall                       1.0000         0.066667        0.8000     0.40000
F1                           0.8824         0.125000        0.5581     0.46154
Prevalence                   0.1250         0.125000        0.1250     0.12500
Detection Rate               0.1250         0.008333        0.1000     0.05000
Detection Prevalence         0.1583         0.008333        0.2333     0.09167
Balanced Accuracy            0.9810         0.533333        0.8238     0.67619
                     Class: ShrubDecid Class: ShrubEvergreen
Sensitivity                     0.4000                0.0000
Specificity                     0.8286                0.8476
Pos Pred Value                  0.2500                0.0000
Neg Pred Value                  0.9063                0.8558
Precision                       0.2500                0.0000
Recall                          0.4000                0.0000
F1                              0.3077                   NaN
Prevalence                      0.1250                0.1250
Detection Rate                  0.0500                0.0000
Detection Prevalence            0.2000                0.1333
Balanced Accuracy               0.6143                0.4238
                     Class: TreeBroadleaf Class: TreeConifer Class: Forb
Sensitivity                         0.000             0.2000          NA
Specificity                         1.000             1.0000        0.85
Pos Pred Value                        NaN             1.0000          NA
Neg Pred Value                      0.875             0.8974          NA
Precision                              NA             1.0000        0.00
Recall                              0.000             0.2000          NA
F1                                     NA             0.3333          NA
Prevalence                          0.125             0.1250        0.00
Detection Rate                      0.000             0.0250        0.00
Detection Prevalence                0.000             0.0250        0.15
Balanced Accuracy                   0.500             0.6000          NA
[1] "---------------------- Class Distribution ---------------------"
.
       Abiotic           Forb      Graminoid         Lichen           Moss 
            19             18              1             28             11 
    ShrubDecid ShrubEvergreen  TreeBroadleaf    TreeConifer 
            24             16              0              3 
[1] "-------------------------------------------------------"
[1] "-------------------------------------------------------"
[1] "---------------------- Model Data ---------------------"
[1] "Model Type: Ranger (Random Forest)"
[1] "Data Index: "
[1] "Model UUID: eaa2794f-9d5d-4c45-bd58-93306edbd848"
[1] "---------------------- Confusion Matrix ---------------------"
Confusion Matrix and Statistics

                Reference
Prediction       Abiotic Graminoid Lichen Moss ShrubDecid ShrubEvergreen
  Abiotic             15         0      2    0          1              0
  Graminoid            0         1      0    0          0              2
  Lichen               0         0     13    4          2              8
  Moss                 0         2      0    7          2              0
  ShrubDecid           0         4      0    0          6              1
  ShrubEvergreen       0         8      0    4          1              3
  TreeBroadleaf        0         0      0    0          0              0
  TreeConifer          0         0      0    0          0              0
  Forb                 0         0      0    0          3              1
                Reference
Prediction       TreeBroadleaf TreeConifer Forb
  Abiotic                    0           0    0
  Graminoid                  0           0    0
  Lichen                     0           0    0
  Moss                       0           0    0
  ShrubDecid                11           0    0
  ShrubEvergreen             1           3    0
  TreeBroadleaf              0           0    0
  TreeConifer                3           5    0
  Forb                       0           7    0

Overall Statistics
                                          
               Accuracy : 0.4167          
                 95% CI : (0.3274, 0.5102)
    No Information Rate : 0.125           
    P-Value [Acc > NIR] : 1.393e-15       
                                          
                  Kappa : 0.342           
                                          
 Mcnemar's Test P-Value : NA              

Statistics by Class:

                     Class: Abiotic Class: Graminoid Class: Lichen Class: Moss
Sensitivity                  1.0000         0.066667        0.8667     0.46667
Specificity                  0.9714         0.980952        0.8667     0.96190
Pos Pred Value               0.8333         0.333333        0.4815     0.63636
Neg Pred Value               1.0000         0.880342        0.9785     0.92661
Precision                    0.8333         0.333333        0.4815     0.63636
Recall                       1.0000         0.066667        0.8667     0.46667
F1                           0.9091         0.111111        0.6190     0.53846
Prevalence                   0.1250         0.125000        0.1250     0.12500
Detection Rate               0.1250         0.008333        0.1083     0.05833
Detection Prevalence         0.1500         0.025000        0.2250     0.09167
Balanced Accuracy            0.9857         0.523810        0.8667     0.71429
                     Class: ShrubDecid Class: ShrubEvergreen
Sensitivity                     0.4000                0.2000
Specificity                     0.8476                0.8381
Pos Pred Value                  0.2727                0.1500
Neg Pred Value                  0.9082                0.8800
Precision                       0.2727                0.1500
Recall                          0.4000                0.2000
F1                              0.3243                0.1714
Prevalence                      0.1250                0.1250
Detection Rate                  0.0500                0.0250
Detection Prevalence            0.1833                0.1667
Balanced Accuracy               0.6238                0.5190
                     Class: TreeBroadleaf Class: TreeConifer Class: Forb
Sensitivity                         0.000            0.33333          NA
Specificity                         1.000            0.97143     0.90833
Pos Pred Value                        NaN            0.62500          NA
Neg Pred Value                      0.875            0.91071          NA
Precision                              NA            0.62500     0.00000
Recall                              0.000            0.33333          NA
F1                                     NA            0.43478          NA
Prevalence                          0.125            0.12500     0.00000
Detection Rate                      0.000            0.04167     0.00000
Detection Prevalence                0.000            0.06667     0.09167
Balanced Accuracy                   0.500            0.65238          NA
[1] "---------------------- Class Distribution ---------------------"
.
       Abiotic           Forb      Graminoid         Lichen           Moss 
            18             11              3             27             11 
    ShrubDecid ShrubEvergreen  TreeBroadleaf    TreeConifer 
            22             20              0              8 
[1] "-------------------------------------------------------"
[1] "-------------------------------------------------------"
[1] "---------------------- Model Data ---------------------"
[1] "Model Type: Ranger (Random Forest)"
[1] "Data Index: "
[1] "Model UUID: eac1e22a-7cac-4579-8949-f7a09b90adba"
[1] "---------------------- Confusion Matrix ---------------------"
Confusion Matrix and Statistics

                Reference
Prediction       Abiotic Graminoid Lichen Moss ShrubDecid ShrubEvergreen
  Abiotic             15         0      3    0          1              0
  Graminoid            0         2      0    0          1              0
  Lichen               0         0      8    1          1              5
  Moss                 0         2      0    8          1              0
  ShrubDecid           0         0      0    0          0              0
  ShrubEvergreen       0         0      0    1          0              0
  TreeBroadleaf        0         0      0    0          0              0
  TreeConifer          0         0      0    0          0              0
  Forb                 0        11      4    5         11             10
                Reference
Prediction       TreeBroadleaf TreeConifer Forb
  Abiotic                    0           0    0
  Graminoid                  0           0    0
  Lichen                     0           0    0
  Moss                       0           0    0
  ShrubDecid                 0           0    0
  ShrubEvergreen             5           0    0
  TreeBroadleaf              0           0    0
  TreeConifer                0           3    0
  Forb                      10          12    0

Overall Statistics
                                          
               Accuracy : 0.3             
                 95% CI : (0.2198, 0.3904)
    No Information Rate : 0.125           
    P-Value [Acc > NIR] : 3.301e-07       
                                          
                  Kappa : 0.2558          
                                          
 Mcnemar's Test P-Value : NA              

Statistics by Class:

                     Class: Abiotic Class: Graminoid Class: Lichen Class: Moss
Sensitivity                  1.0000          0.13333       0.53333     0.53333
Specificity                  0.9619          0.99048       0.93333     0.97143
Pos Pred Value               0.7895          0.66667       0.53333     0.72727
Neg Pred Value               1.0000          0.88889       0.93333     0.93578
Precision                    0.7895          0.66667       0.53333     0.72727
Recall                       1.0000          0.13333       0.53333     0.53333
F1                           0.8824          0.22222       0.53333     0.61538
Prevalence                   0.1250          0.12500       0.12500     0.12500
Detection Rate               0.1250          0.01667       0.06667     0.06667
Detection Prevalence         0.1583          0.02500       0.12500     0.09167
Balanced Accuracy            0.9810          0.56190       0.73333     0.75238
                     Class: ShrubDecid Class: ShrubEvergreen
Sensitivity                      0.000                0.0000
Specificity                      1.000                0.9429
Pos Pred Value                     NaN                0.0000
Neg Pred Value                   0.875                0.8684
Precision                           NA                0.0000
Recall                           0.000                0.0000
F1                                  NA                   NaN
Prevalence                       0.125                0.1250
Detection Rate                   0.000                0.0000
Detection Prevalence             0.000                0.0500
Balanced Accuracy                0.500                0.4714
                     Class: TreeBroadleaf Class: TreeConifer Class: Forb
Sensitivity                         0.000             0.2000          NA
Specificity                         1.000             1.0000       0.475
Pos Pred Value                        NaN             1.0000          NA
Neg Pred Value                      0.875             0.8974          NA
Precision                              NA             1.0000       0.000
Recall                              0.000             0.2000          NA
F1                                     NA             0.3333          NA
Prevalence                          0.125             0.1250       0.000
Detection Rate                      0.000             0.0250       0.000
Detection Prevalence                0.000             0.0250       0.525
Balanced Accuracy                   0.500             0.6000          NA
[1] "---------------------- Class Distribution ---------------------"
.
       Abiotic           Forb      Graminoid         Lichen           Moss 
            19             63              3             15             11 
    ShrubDecid ShrubEvergreen  TreeBroadleaf    TreeConifer 
             0              6              0              3 
[1] "-------------------------------------------------------"
