[1] "-------------------------------------------------------"
[1] "---------------------- Model Data ---------------------"
[1] "Model Type: Ranger (Random Forest)"
[1] "Data Index: img_indices_only.csv no_treatment no_treatment balanced 10"
[1] "Model UUID: 80c25682-6646-4ba3-b304-8977dccbe410"
[1] "---------------------- Confusion Matrix ---------------------"
Confusion Matrix and Statistics

                Reference
Prediction       Abiotic Graminoid Lichen Moss ShrubDecid ShrubEvergreen
  Abiotic             15         0      0    0          0              0
  Graminoid            0        15      0    0          0              0
  Lichen               0         0     15    0          0              0
  Moss                 0         0      0   15          0              0
  ShrubDecid           0         0      0    0         15              0
  ShrubEvergreen       0         0      0    0          0             15
  TreeBroadleaf        0         0      0    0          0              0
  TreeConifer          0         0      0    0          0              0
                Reference
Prediction       TreeBroadleaf TreeConifer
  Abiotic                    0           0
  Graminoid                  0           0
  Lichen                     0           0
  Moss                       0           0
  ShrubDecid                 0           0
  ShrubEvergreen             0           0
  TreeBroadleaf             15           0
  TreeConifer                0          15

Overall Statistics
                                     
               Accuracy : 1          
                 95% CI : (0.9697, 1)
    No Information Rate : 0.125      
    P-Value [Acc > NIR] : < 2.2e-16  
                                     
                  Kappa : 1          
                                     
 Mcnemar's Test P-Value : NA         

Statistics by Class:

                     Class: Abiotic Class: Graminoid Class: Lichen Class: Moss
Sensitivity                   1.000            1.000         1.000       1.000
Specificity                   1.000            1.000         1.000       1.000
Pos Pred Value                1.000            1.000         1.000       1.000
Neg Pred Value                1.000            1.000         1.000       1.000
Precision                     1.000            1.000         1.000       1.000
Recall                        1.000            1.000         1.000       1.000
F1                            1.000            1.000         1.000       1.000
Prevalence                    0.125            0.125         0.125       0.125
Detection Rate                0.125            0.125         0.125       0.125
Detection Prevalence          0.125            0.125         0.125       0.125
Balanced Accuracy             1.000            1.000         1.000       1.000
                     Class: ShrubDecid Class: ShrubEvergreen
Sensitivity                      1.000                 1.000
Specificity                      1.000                 1.000
Pos Pred Value                   1.000                 1.000
Neg Pred Value                   1.000                 1.000
Precision                        1.000                 1.000
Recall                           1.000                 1.000
F1                               1.000                 1.000
Prevalence                       0.125                 0.125
Detection Rate                   0.125                 0.125
Detection Prevalence             0.125                 0.125
Balanced Accuracy                1.000                 1.000
                     Class: TreeBroadleaf Class: TreeConifer
Sensitivity                         1.000              1.000
Specificity                         1.000              1.000
Pos Pred Value                      1.000              1.000
Neg Pred Value                      1.000              1.000
Precision                           1.000              1.000
Recall                              1.000              1.000
F1                                  1.000              1.000
Prevalence                          0.125              0.125
Detection Rate                      0.125              0.125
Detection Prevalence                0.125              0.125
Balanced Accuracy                   1.000              1.000
[1] "---------------------- Class Distribution ---------------------"
.
       Abiotic      Graminoid         Lichen           Moss     ShrubDecid 
            15             15             15             15             15 
ShrubEvergreen  TreeBroadleaf    TreeConifer 
            15             15             15 
[1] "-------------------------------------------------------"
[1] "-------------------------------------------------------"
[1] "---------------------- Model Data ---------------------"
[1] "Model Type: Ranger (Random Forest)"
[1] "Data Index: grd_raw_corrected.csv no_treatment no_treatment balanced 10"
[1] "Model UUID: d4fde0a9-78de-4a31-9d56-6783349ecb61"
[1] "---------------------- Confusion Matrix ---------------------"
Confusion Matrix and Statistics

                Reference
Prediction       Abiotic Graminoid Lichen Moss ShrubDecid ShrubEvergreen
  Abiotic             15         0      3    0          1              0
  Graminoid            0         1      0    0          1              2
  Lichen               0         0     10    2          1              4
  Moss                 0         0      1    4          1              0
  ShrubDecid           0         1      0    1          4              4
  ShrubEvergreen       0         5      0    4          2              3
  TreeBroadleaf        0         0      0    0          0              0
  TreeConifer          0         0      0    0          0              1
  Forb                 0         8      1    4          5              1
                Reference
Prediction       TreeBroadleaf TreeConifer Forb
  Abiotic                    0           0    0
  Graminoid                  0           2    0
  Lichen                     0           0    0
  Moss                       0           0    0
  ShrubDecid                 4           6    0
  ShrubEvergreen             0           6    0
  TreeBroadleaf              0           0    0
  TreeConifer                0           0    0
  Forb                      11           1    0

Overall Statistics
                                          
               Accuracy : 0.3083          
                 95% CI : (0.2273, 0.3991)
    No Information Rate : 0.125           
    P-Value [Acc > NIR] : 1.052e-07       
                                          
                  Kappa : 0.2377          
                                          
 Mcnemar's Test P-Value : NA              

Statistics by Class:

                     Class: Abiotic Class: Graminoid Class: Lichen Class: Moss
Sensitivity                  1.0000         0.066667       0.66667     0.26667
Specificity                  0.9619         0.952381       0.93333     0.98095
Pos Pred Value               0.7895         0.166667       0.58824     0.66667
Neg Pred Value               1.0000         0.877193       0.95146     0.90351
Precision                    0.7895         0.166667       0.58824     0.66667
Recall                       1.0000         0.066667       0.66667     0.26667
F1                           0.8824         0.095238       0.62500     0.38095
Prevalence                   0.1250         0.125000       0.12500     0.12500
Detection Rate               0.1250         0.008333       0.08333     0.03333
Detection Prevalence         0.1583         0.050000       0.14167     0.05000
Balanced Accuracy            0.9810         0.509524       0.80000     0.62381
                     Class: ShrubDecid Class: ShrubEvergreen
Sensitivity                    0.26667                0.2000
Specificity                    0.84762                0.8381
Pos Pred Value                 0.20000                0.1500
Neg Pred Value                 0.89000                0.8800
Precision                      0.20000                0.1500
Recall                         0.26667                0.2000
F1                             0.22857                0.1714
Prevalence                     0.12500                0.1250
Detection Rate                 0.03333                0.0250
Detection Prevalence           0.16667                0.1667
Balanced Accuracy              0.55714                0.5190
                     Class: TreeBroadleaf Class: TreeConifer Class: Forb
Sensitivity                         0.000           0.000000          NA
Specificity                         1.000           0.990476      0.7417
Pos Pred Value                        NaN           0.000000          NA
Neg Pred Value                      0.875           0.873950          NA
Precision                              NA           0.000000      0.0000
Recall                              0.000           0.000000          NA
F1                                     NA                NaN          NA
Prevalence                          0.125           0.125000      0.0000
Detection Rate                      0.000           0.000000      0.0000
Detection Prevalence                0.000           0.008333      0.2583
Balanced Accuracy                   0.500           0.495238          NA
[1] "---------------------- Class Distribution ---------------------"
.
       Abiotic           Forb      Graminoid         Lichen           Moss 
            19             31              6             17              6 
    ShrubDecid ShrubEvergreen  TreeBroadleaf    TreeConifer 
            20             20              0              1 
[1] "-------------------------------------------------------"
