[1] "-------------------------------------------------------"
[1] "---------------------- Model Data ---------------------"
[1] "Model Type: PLS-LDA (plsgenomics)"
[1] "Data Index: 1 img_raw_raw.csv no_treatment no_treatment balanced"
[1] "Model UUID: e912cf96-6cc4-4ddf-8824-4398b6128fde"
[1] "---------------------- Confusion Matrix ---------------------"
Confusion Matrix and Statistics

                Reference
Prediction       Abiotic Graminoid Lichen Moss ShrubDecid ShrubEvergreen
  Abiotic              0         0      0    0          0              0
  Graminoid            0         0      0    0          0              0
  Lichen               0         0      0    0          0              0
  Moss                 0         0      0    0          0              0
  ShrubDecid           0         0      0    0          0              0
  ShrubEvergreen       0         0      0    0          0              0
  TreeBroadleaf        0         0      0    0          0              0
  TreeConifer          0         0      0    0          0              0
                Reference
Prediction       TreeBroadleaf TreeConifer
  Abiotic                    0          15
  Graminoid                  0          15
  Lichen                     0          15
  Moss                       0          15
  ShrubDecid                 0          15
  ShrubEvergreen             0          15
  TreeBroadleaf              0          15
  TreeConifer                0          15

Overall Statistics
                                          
               Accuracy : 0.125           
                 95% CI : (0.0717, 0.1978)
    No Information Rate : 1               
    P-Value [Acc > NIR] : 1               
                                          
                  Kappa : 0               
                                          
 Mcnemar's Test P-Value : NA              

Statistics by Class:

                     Class: Abiotic Class: Graminoid Class: Lichen Class: Moss
Sensitivity                      NA               NA            NA          NA
Specificity                   0.875            0.875         0.875       0.875
Pos Pred Value                   NA               NA            NA          NA
Neg Pred Value                   NA               NA            NA          NA
Precision                     0.000            0.000         0.000       0.000
Recall                           NA               NA            NA          NA
F1                               NA               NA            NA          NA
Prevalence                    0.000            0.000         0.000       0.000
Detection Rate                0.000            0.000         0.000       0.000
Detection Prevalence          0.125            0.125         0.125       0.125
Balanced Accuracy                NA               NA            NA          NA
                     Class: ShrubDecid Class: ShrubEvergreen
Sensitivity                         NA                    NA
Specificity                      0.875                 0.875
Pos Pred Value                      NA                    NA
Neg Pred Value                      NA                    NA
Precision                        0.000                 0.000
Recall                              NA                    NA
F1                                  NA                    NA
Prevalence                       0.000                 0.000
Detection Rate                   0.000                 0.000
Detection Prevalence             0.125                 0.125
Balanced Accuracy                   NA                    NA
                     Class: TreeBroadleaf Class: TreeConifer
Sensitivity                            NA             0.1250
Specificity                         0.875                 NA
Pos Pred Value                         NA                 NA
Neg Pred Value                         NA                 NA
Precision                           0.000             1.0000
Recall                                 NA             0.1250
F1                                     NA             0.2222
Prevalence                          0.000             1.0000
Detection Rate                      0.000             0.1250
Detection Prevalence                0.125             0.1250
Balanced Accuracy                      NA                 NA
[1] "---------------------- Class Distribution ---------------------"
.
       Abiotic      Graminoid         Lichen           Moss     ShrubDecid 
             0              0              0              0              0 
ShrubEvergreen  TreeBroadleaf    TreeConifer 
             0              0            120 
[1] "-------------------------------------------------------"
[1] "-------------------------------------------------------"
[1] "---------------------- Model Data ---------------------"
[1] "Model Type: PLS-LDA (plsgenomics)"
[1] "Data Index: 1 img_raw_raw.csv no_treatment no_treatment balanced"
[1] "Model UUID: cf4e57bf-2267-41e2-ad6d-1dcd7ccd1bb3"
[1] "---------------------- Confusion Matrix ---------------------"
Confusion Matrix and Statistics

                Reference
Prediction       Abiotic Graminoid Lichen Moss ShrubDecid ShrubEvergreen
  Abiotic              0         0      0    0          0              0
  Graminoid            0         0      0    0          0              0
  Lichen               0         0      0    0          0              0
  Moss                 0         0      0    0          0              0
  ShrubDecid           0         0      0    0          0              0
  ShrubEvergreen       0         0      0    0          0              0
  TreeBroadleaf        0         0      0    0          0              0
  TreeConifer          0         0      0    0          0              0
                Reference
Prediction       TreeBroadleaf TreeConifer
  Abiotic                    0          15
  Graminoid                  0          15
  Lichen                     0          15
  Moss                       0          15
  ShrubDecid                 0          15
  ShrubEvergreen             0          15
  TreeBroadleaf              0          15
  TreeConifer                0          15

Overall Statistics
                                          
               Accuracy : 0.125           
                 95% CI : (0.0717, 0.1978)
    No Information Rate : 1               
    P-Value [Acc > NIR] : 1               
                                          
                  Kappa : 0               
                                          
 Mcnemar's Test P-Value : NA              

Statistics by Class:

                     Class: Abiotic Class: Graminoid Class: Lichen Class: Moss
Sensitivity                      NA               NA            NA          NA
Specificity                   0.875            0.875         0.875       0.875
Pos Pred Value                   NA               NA            NA          NA
Neg Pred Value                   NA               NA            NA          NA
Precision                     0.000            0.000         0.000       0.000
Recall                           NA               NA            NA          NA
F1                               NA               NA            NA          NA
Prevalence                    0.000            0.000         0.000       0.000
Detection Rate                0.000            0.000         0.000       0.000
Detection Prevalence          0.125            0.125         0.125       0.125
Balanced Accuracy                NA               NA            NA          NA
                     Class: ShrubDecid Class: ShrubEvergreen
Sensitivity                         NA                    NA
Specificity                      0.875                 0.875
Pos Pred Value                      NA                    NA
Neg Pred Value                      NA                    NA
Precision                        0.000                 0.000
Recall                              NA                    NA
F1                                  NA                    NA
Prevalence                       0.000                 0.000
Detection Rate                   0.000                 0.000
Detection Prevalence             0.125                 0.125
Balanced Accuracy                   NA                    NA
                     Class: TreeBroadleaf Class: TreeConifer
Sensitivity                            NA             0.1250
Specificity                         0.875                 NA
Pos Pred Value                         NA                 NA
Neg Pred Value                         NA                 NA
Precision                           0.000             1.0000
Recall                                 NA             0.1250
F1                                     NA             0.2222
Prevalence                          0.000             1.0000
Detection Rate                      0.000             0.1250
Detection Prevalence                0.125             0.1250
Balanced Accuracy                      NA                 NA
[1] "---------------------- Class Distribution ---------------------"
.
       Abiotic      Graminoid         Lichen           Moss     ShrubDecid 
             0              0              0              0              0 
ShrubEvergreen  TreeBroadleaf    TreeConifer 
             0              0            120 
[1] "-------------------------------------------------------"
[1] "-------------------------------------------------------"
[1] "---------------------- Model Data ---------------------"
[1] "Model Type: PLS-LDA (plsgenomics)"
[1] "Data Index: 2 img_raw_raw.csv no_treatment no_treatment balanced"
[1] "Model UUID: d863ef55-707f-40ac-ad25-b84a0544b95d"
[1] "---------------------- Confusion Matrix ---------------------"
Confusion Matrix and Statistics

                Reference
Prediction       Abiotic Graminoid Lichen Moss ShrubDecid ShrubEvergreen
  Abiotic             15         0      0    0          0              0
  Graminoid            0         0      4    0          0              0
  Lichen              10         0      5    0          0              0
  Moss                 0         0      7    0          0              0
  ShrubDecid           1         0      4    0          0              0
  ShrubEvergreen       0         0      9    0          0              0
  TreeBroadleaf        0         0      2    0          0              0
  TreeConifer          1         0      1    0          0              0
                Reference
Prediction       TreeBroadleaf TreeConifer
  Abiotic                    0           0
  Graminoid                  0          11
  Lichen                     0           0
  Moss                       0           8
  ShrubDecid                 0          10
  ShrubEvergreen             0           6
  TreeBroadleaf              0          13
  TreeConifer                0          13

Overall Statistics
                                         
               Accuracy : 0.275          
                 95% CI : (0.1975, 0.364)
    No Information Rate : 0.5083         
    P-Value [Acc > NIR] : 1              
                                         
                  Kappa : 0.1714         
                                         
 Mcnemar's Test P-Value : NA             

Statistics by Class:

                     Class: Abiotic Class: Graminoid Class: Lichen Class: Moss
Sensitivity                  0.5556               NA       0.15625          NA
Specificity                  1.0000            0.875       0.88636       0.875
Pos Pred Value               1.0000               NA       0.33333          NA
Neg Pred Value               0.8857               NA       0.74286          NA
Precision                    1.0000            0.000       0.33333       0.000
Recall                       0.5556               NA       0.15625          NA
F1                           0.7143               NA       0.21277          NA
Prevalence                   0.2250            0.000       0.26667       0.000
Detection Rate               0.1250            0.000       0.04167       0.000
Detection Prevalence         0.1250            0.125       0.12500       0.125
Balanced Accuracy            0.7778               NA       0.52131          NA
                     Class: ShrubDecid Class: ShrubEvergreen
Sensitivity                         NA                    NA
Specificity                      0.875                 0.875
Pos Pred Value                      NA                    NA
Neg Pred Value                      NA                    NA
Precision                        0.000                 0.000
Recall                              NA                    NA
F1                                  NA                    NA
Prevalence                       0.000                 0.000
Detection Rate                   0.000                 0.000
Detection Prevalence             0.125                 0.125
Balanced Accuracy                   NA                    NA
                     Class: TreeBroadleaf Class: TreeConifer
Sensitivity                            NA             0.2131
Specificity                         0.875             0.9661
Pos Pred Value                         NA             0.8667
Neg Pred Value                         NA             0.5429
Precision                           0.000             0.8667
Recall                                 NA             0.2131
F1                                     NA             0.3421
Prevalence                          0.000             0.5083
Detection Rate                      0.000             0.1083
Detection Prevalence                0.125             0.1250
Balanced Accuracy                      NA             0.5896
[1] "---------------------- Class Distribution ---------------------"
.
       Abiotic      Graminoid         Lichen           Moss     ShrubDecid 
            27              0             32              0              0 
ShrubEvergreen  TreeBroadleaf    TreeConifer 
             0              0             61 
[1] "-------------------------------------------------------"
[1] "-------------------------------------------------------"
[1] "---------------------- Model Data ---------------------"
[1] "Model Type: PLS-LDA (plsgenomics)"
[1] "Data Index: 4 img_raw_raw.csv no_treatment no_treatment balanced"
[1] "Model UUID: 9ff32a3f-d700-4be0-8da4-7fc3d1467557"
[1] "---------------------- Confusion Matrix ---------------------"
Confusion Matrix and Statistics

                Reference
Prediction       Abiotic Graminoid Lichen Moss ShrubDecid ShrubEvergreen
  Abiotic             15         0      0    0          0              0
  Graminoid            0         0      0    0          0              0
  Lichen              15         0      0    0          0              0
  Moss                 3         0      0    0          0              0
  ShrubDecid           5         0      0    0          0              0
  ShrubEvergreen       7         0      0    0          0              0
  TreeBroadleaf        7         0      0    0          0              0
  TreeConifer          1         0      0    0          0              0
                Reference
Prediction       TreeBroadleaf TreeConifer
  Abiotic                    0           0
  Graminoid                  0          15
  Lichen                     0           0
  Moss                       0          12
  ShrubDecid                 0          10
  ShrubEvergreen             0           8
  TreeBroadleaf              0           8
  TreeConifer                0          14

Overall Statistics
                                          
               Accuracy : 0.2417          
                 95% CI : (0.1682, 0.3283)
    No Information Rate : 0.5583          
    P-Value [Acc > NIR] : 1               
                                          
                  Kappa : 0.1333          
                                          
 Mcnemar's Test P-Value : NA              

Statistics by Class:

                     Class: Abiotic Class: Graminoid Class: Lichen Class: Moss
Sensitivity                  0.2830               NA            NA          NA
Specificity                  1.0000            0.875         0.875       0.875
Pos Pred Value               1.0000               NA            NA          NA
Neg Pred Value               0.6381               NA            NA          NA
Precision                    1.0000            0.000         0.000       0.000
Recall                       0.2830               NA            NA          NA
F1                           0.4412               NA            NA          NA
Prevalence                   0.4417            0.000         0.000       0.000
Detection Rate               0.1250            0.000         0.000       0.000
Detection Prevalence         0.1250            0.125         0.125       0.125
Balanced Accuracy            0.6415               NA            NA          NA
                     Class: ShrubDecid Class: ShrubEvergreen
Sensitivity                         NA                    NA
Specificity                      0.875                 0.875
Pos Pred Value                      NA                    NA
Neg Pred Value                      NA                    NA
Precision                        0.000                 0.000
Recall                              NA                    NA
F1                                  NA                    NA
Prevalence                       0.000                 0.000
Detection Rate                   0.000                 0.000
Detection Prevalence             0.125                 0.125
Balanced Accuracy                   NA                    NA
                     Class: TreeBroadleaf Class: TreeConifer
Sensitivity                            NA             0.2090
Specificity                         0.875             0.9811
Pos Pred Value                         NA             0.9333
Neg Pred Value                         NA             0.4952
Precision                           0.000             0.9333
Recall                                 NA             0.2090
F1                                     NA             0.3415
Prevalence                          0.000             0.5583
Detection Rate                      0.000             0.1167
Detection Prevalence                0.125             0.1250
Balanced Accuracy                      NA             0.5950
[1] "---------------------- Class Distribution ---------------------"
.
       Abiotic      Graminoid         Lichen           Moss     ShrubDecid 
            53              0              0              0              0 
ShrubEvergreen  TreeBroadleaf    TreeConifer 
             0              0             67 
[1] "-------------------------------------------------------"
[1] "-------------------------------------------------------"
[1] "---------------------- Model Data ---------------------"
[1] "Model Type: PLS-LDA (plsgenomics)"
[1] "Data Index: 6 img_raw_raw.csv no_treatment no_treatment balanced"
[1] "Model UUID: b878c1be-189e-412e-9c50-67150b56c3a5"
[1] "---------------------- Confusion Matrix ---------------------"
Confusion Matrix and Statistics

                Reference
Prediction       Abiotic Graminoid Lichen Moss ShrubDecid ShrubEvergreen
  Abiotic             15         0      0    0          0              0
  Graminoid            0         0      0    0          0              0
  Lichen              15         0      0    0          0              0
  Moss                 3         0      0    0          0              0
  ShrubDecid           5         0      0    0          0              0
  ShrubEvergreen       7         0      0    0          0              0
  TreeBroadleaf        7         0      0    0          0              0
  TreeConifer          1         0      0    0          0              0
                Reference
Prediction       TreeBroadleaf TreeConifer
  Abiotic                    0           0
  Graminoid                  0          15
  Lichen                     0           0
  Moss                       0          12
  ShrubDecid                 0          10
  ShrubEvergreen             0           8
  TreeBroadleaf              0           8
  TreeConifer                0          14

Overall Statistics
                                          
               Accuracy : 0.2417          
                 95% CI : (0.1682, 0.3283)
    No Information Rate : 0.5583          
    P-Value [Acc > NIR] : 1               
                                          
                  Kappa : 0.1333          
                                          
 Mcnemar's Test P-Value : NA              

Statistics by Class:

                     Class: Abiotic Class: Graminoid Class: Lichen Class: Moss
Sensitivity                  0.2830               NA            NA          NA
Specificity                  1.0000            0.875         0.875       0.875
Pos Pred Value               1.0000               NA            NA          NA
Neg Pred Value               0.6381               NA            NA          NA
Precision                    1.0000            0.000         0.000       0.000
Recall                       0.2830               NA            NA          NA
F1                           0.4412               NA            NA          NA
Prevalence                   0.4417            0.000         0.000       0.000
Detection Rate               0.1250            0.000         0.000       0.000
Detection Prevalence         0.1250            0.125         0.125       0.125
Balanced Accuracy            0.6415               NA            NA          NA
                     Class: ShrubDecid Class: ShrubEvergreen
Sensitivity                         NA                    NA
Specificity                      0.875                 0.875
Pos Pred Value                      NA                    NA
Neg Pred Value                      NA                    NA
Precision                        0.000                 0.000
Recall                              NA                    NA
F1                                  NA                    NA
Prevalence                       0.000                 0.000
Detection Rate                   0.000                 0.000
Detection Prevalence             0.125                 0.125
Balanced Accuracy                   NA                    NA
                     Class: TreeBroadleaf Class: TreeConifer
Sensitivity                            NA             0.2090
Specificity                         0.875             0.9811
Pos Pred Value                         NA             0.9333
Neg Pred Value                         NA             0.4952
Precision                           0.000             0.9333
Recall                                 NA             0.2090
F1                                     NA             0.3415
Prevalence                          0.000             0.5583
Detection Rate                      0.000             0.1167
Detection Prevalence                0.125             0.1250
Balanced Accuracy                      NA             0.5950
[1] "---------------------- Class Distribution ---------------------"
.
       Abiotic      Graminoid         Lichen           Moss     ShrubDecid 
            53              0              0              0              0 
ShrubEvergreen  TreeBroadleaf    TreeConifer 
             0              0             67 
[1] "-------------------------------------------------------"
[1] "-------------------------------------------------------"
[1] "---------------------- Model Data ---------------------"
[1] "Model Type: PLS-LDA (plsgenomics)"
[1] "Data Index: 8 img_raw_raw.csv no_treatment no_treatment balanced"
[1] "Model UUID: 813340c7-581f-491b-a825-73f7322ff6f8"
[1] "---------------------- Confusion Matrix ---------------------"
Confusion Matrix and Statistics

                Reference
Prediction       Abiotic Graminoid Lichen Moss ShrubDecid ShrubEvergreen
  Abiotic             15         0      0    0          0              0
  Graminoid            0         0      0    9          0              0
  Lichen               2         0      9    0          0              4
  Moss                 0         0      0   14          0              1
  ShrubDecid           0         1      4    4          0              0
  ShrubEvergreen       0         0      1    2          0             12
  TreeBroadleaf        0         0      0    0          0              0
  TreeConifer          0         0      0    1          0              1
                Reference
Prediction       TreeBroadleaf TreeConifer
  Abiotic                    0           0
  Graminoid                  6           0
  Lichen                     0           0
  Moss                       0           0
  ShrubDecid                 6           0
  ShrubEvergreen             0           0
  TreeBroadleaf             14           1
  TreeConifer                1          12

Overall Statistics
                                          
               Accuracy : 0.6333          
                 95% CI : (0.5405, 0.7194)
    No Information Rate : 0.25            
    P-Value [Acc > NIR] : < 2.2e-16       
                                          
                  Kappa : 0.581           
                                          
 Mcnemar's Test P-Value : NA              

Statistics by Class:

                     Class: Abiotic Class: Graminoid Class: Lichen Class: Moss
Sensitivity                  0.8824         0.000000        0.6429      0.4667
Specificity                  1.0000         0.873950        0.9434      0.9889
Pos Pred Value               1.0000         0.000000        0.6000      0.9333
Neg Pred Value               0.9810         0.990476        0.9524      0.8476
Precision                    1.0000         0.000000        0.6000      0.9333
Recall                       0.8824         0.000000        0.6429      0.4667
F1                           0.9375              NaN        0.6207      0.6222
Prevalence                   0.1417         0.008333        0.1167      0.2500
Detection Rate               0.1250         0.000000        0.0750      0.1167
Detection Prevalence         0.1250         0.125000        0.1250      0.1250
Balanced Accuracy            0.9412         0.436975        0.7931      0.7278
                     Class: ShrubDecid Class: ShrubEvergreen
Sensitivity                         NA                0.6667
Specificity                      0.875                0.9706
Pos Pred Value                      NA                0.8000
Neg Pred Value                      NA                0.9429
Precision                        0.000                0.8000
Recall                              NA                0.6667
F1                                  NA                0.7273
Prevalence                       0.000                0.1500
Detection Rate                   0.000                0.1000
Detection Prevalence             0.125                0.1250
Balanced Accuracy                   NA                0.8186
                     Class: TreeBroadleaf Class: TreeConifer
Sensitivity                        0.5185             0.9231
Specificity                        0.9892             0.9720
Pos Pred Value                     0.9333             0.8000
Neg Pred Value                     0.8762             0.9905
Precision                          0.9333             0.8000
Recall                             0.5185             0.9231
F1                                 0.6667             0.8571
Prevalence                         0.2250             0.1083
Detection Rate                     0.1167             0.1000
Detection Prevalence               0.1250             0.1250
Balanced Accuracy                  0.7539             0.9475
[1] "---------------------- Class Distribution ---------------------"
.
       Abiotic      Graminoid         Lichen           Moss     ShrubDecid 
            17              1             14             30              0 
ShrubEvergreen  TreeBroadleaf    TreeConifer 
            18             27             13 
[1] "-------------------------------------------------------"
[1] "-------------------------------------------------------"
[1] "---------------------- Model Data ---------------------"
[1] "Model Type: PLS-LDA (plsgenomics)"
[1] "Data Index: 10 img_raw_raw.csv no_treatment no_treatment balanced"
[1] "Model UUID: db15673e-1100-4922-9977-462d40d82f0d"
[1] "---------------------- Confusion Matrix ---------------------"
Confusion Matrix and Statistics

                Reference
Prediction       Abiotic Graminoid Lichen Moss ShrubDecid ShrubEvergreen
  Abiotic             15         0      0    0          0              0
  Graminoid            0         5      0    5          3              0
  Lichen               1         0     10    0          0              4
  Moss                 0         0      0   13          0              2
  ShrubDecid           0         1      4    3          2              0
  ShrubEvergreen       0         0      4    2          1              8
  TreeBroadleaf        0         0      0    0          0              0
  TreeConifer          0         1      0    0          0              1
                Reference
Prediction       TreeBroadleaf TreeConifer
  Abiotic                    0           0
  Graminoid                  2           0
  Lichen                     0           0
  Moss                       0           0
  ShrubDecid                 5           0
  ShrubEvergreen             0           0
  TreeBroadleaf             14           1
  TreeConifer                1          12

Overall Statistics
                                          
               Accuracy : 0.6583          
                 95% CI : (0.5662, 0.7424)
    No Information Rate : 0.1917          
    P-Value [Acc > NIR] : < 2.2e-16       
                                          
                  Kappa : 0.6095          
                                          
 Mcnemar's Test P-Value : NA              

Statistics by Class:

                     Class: Abiotic Class: Graminoid Class: Lichen Class: Moss
Sensitivity                  0.9375          0.71429       0.55556      0.5652
Specificity                  1.0000          0.91150       0.95098      0.9794
Pos Pred Value               1.0000          0.33333       0.66667      0.8667
Neg Pred Value               0.9905          0.98095       0.92381      0.9048
Precision                    1.0000          0.33333       0.66667      0.8667
Recall                       0.9375          0.71429       0.55556      0.5652
F1                           0.9677          0.45455       0.60606      0.6842
Prevalence                   0.1333          0.05833       0.15000      0.1917
Detection Rate               0.1250          0.04167       0.08333      0.1083
Detection Prevalence         0.1250          0.12500       0.12500      0.1250
Balanced Accuracy            0.9688          0.81290       0.75327      0.7723
                     Class: ShrubDecid Class: ShrubEvergreen
Sensitivity                    0.33333               0.53333
Specificity                    0.88596               0.93333
Pos Pred Value                 0.13333               0.53333
Neg Pred Value                 0.96190               0.93333
Precision                      0.13333               0.53333
Recall                         0.33333               0.53333
F1                             0.19048               0.53333
Prevalence                     0.05000               0.12500
Detection Rate                 0.01667               0.06667
Detection Prevalence           0.12500               0.12500
Balanced Accuracy              0.60965               0.73333
                     Class: TreeBroadleaf Class: TreeConifer
Sensitivity                        0.6364             0.9231
Specificity                        0.9898             0.9720
Pos Pred Value                     0.9333             0.8000
Neg Pred Value                     0.9238             0.9905
Precision                          0.9333             0.8000
Recall                             0.6364             0.9231
F1                                 0.7568             0.8571
Prevalence                         0.1833             0.1083
Detection Rate                     0.1167             0.1000
Detection Prevalence               0.1250             0.1250
Balanced Accuracy                  0.8131             0.9475
[1] "---------------------- Class Distribution ---------------------"
.
       Abiotic      Graminoid         Lichen           Moss     ShrubDecid 
            16              7             18             23              6 
ShrubEvergreen  TreeBroadleaf    TreeConifer 
            15             22             13 
[1] "-------------------------------------------------------"
[1] "-------------------------------------------------------"
[1] "---------------------- Model Data ---------------------"
[1] "Model Type: PLS-LDA (plsgenomics)"
[1] "Data Index: 12 img_raw_raw.csv no_treatment no_treatment balanced"
[1] "Model UUID: 236536a4-8aab-4168-a13e-51a51be3fe04"
[1] "---------------------- Confusion Matrix ---------------------"
Confusion Matrix and Statistics

                Reference
Prediction       Abiotic Graminoid Lichen Moss ShrubDecid ShrubEvergreen
  Abiotic             15         0      0    0          0              0
  Graminoid            0         9      0    0          3              2
  Lichen               1         0     10    0          0              4
  Moss                 0         0      0   13          0              2
  ShrubDecid           0         5      4    0          2              0
  ShrubEvergreen       0         1      2    2          1              9
  TreeBroadleaf        0         0      0    0          1              0
  TreeConifer          0         3      0    0          0              0
                Reference
Prediction       TreeBroadleaf TreeConifer
  Abiotic                    0           0
  Graminoid                  1           0
  Lichen                     0           0
  Moss                       0           0
  ShrubDecid                 4           0
  ShrubEvergreen             0           0
  TreeBroadleaf             13           1
  TreeConifer                0          12

Overall Statistics
                                          
               Accuracy : 0.6917          
                 95% CI : (0.6009, 0.7727)
    No Information Rate : 0.15            
    P-Value [Acc > NIR] : < 2.2e-16       
                                          
                  Kappa : 0.6476          
                                          
 Mcnemar's Test P-Value : NA              

Statistics by Class:

                     Class: Abiotic Class: Graminoid Class: Lichen Class: Moss
Sensitivity                  0.9375           0.5000       0.62500      0.8667
Specificity                  1.0000           0.9412       0.95192      0.9810
Pos Pred Value               1.0000           0.6000       0.66667      0.8667
Neg Pred Value               0.9905           0.9143       0.94286      0.9810
Precision                    1.0000           0.6000       0.66667      0.8667
Recall                       0.9375           0.5000       0.62500      0.8667
F1                           0.9677           0.5455       0.64516      0.8667
Prevalence                   0.1333           0.1500       0.13333      0.1250
Detection Rate               0.1250           0.0750       0.08333      0.1083
Detection Prevalence         0.1250           0.1250       0.12500      0.1250
Balanced Accuracy            0.9688           0.7206       0.78846      0.9238
                     Class: ShrubDecid Class: ShrubEvergreen
Sensitivity                    0.28571                0.5294
Specificity                    0.88496                0.9417
Pos Pred Value                 0.13333                0.6000
Neg Pred Value                 0.95238                0.9238
Precision                      0.13333                0.6000
Recall                         0.28571                0.5294
F1                             0.18182                0.5625
Prevalence                     0.05833                0.1417
Detection Rate                 0.01667                0.0750
Detection Prevalence           0.12500                0.1250
Balanced Accuracy              0.58534                0.7356
                     Class: TreeBroadleaf Class: TreeConifer
Sensitivity                        0.7222             0.9231
Specificity                        0.9804             0.9720
Pos Pred Value                     0.8667             0.8000
Neg Pred Value                     0.9524             0.9905
Precision                          0.8667             0.8000
Recall                             0.7222             0.9231
F1                                 0.7879             0.8571
Prevalence                         0.1500             0.1083
Detection Rate                     0.1083             0.1000
Detection Prevalence               0.1250             0.1250
Balanced Accuracy                  0.8513             0.9475
[1] "---------------------- Class Distribution ---------------------"
.
       Abiotic      Graminoid         Lichen           Moss     ShrubDecid 
            16             18             16             15              7 
ShrubEvergreen  TreeBroadleaf    TreeConifer 
            17             18             13 
[1] "-------------------------------------------------------"
[1] "-------------------------------------------------------"
[1] "---------------------- Model Data ---------------------"
[1] "Model Type: PLS-LDA (plsgenomics)"
[1] "Data Index: 14 img_raw_raw.csv no_treatment no_treatment balanced"
[1] "Model UUID: 6d1ba474-8bfc-4b26-b9f9-e623725888e3"
[1] "---------------------- Confusion Matrix ---------------------"
Confusion Matrix and Statistics

                Reference
Prediction       Abiotic Graminoid Lichen Moss ShrubDecid ShrubEvergreen
  Abiotic             15         0      0    0          0              0
  Graminoid            0         9      0    0          3              2
  Lichen               1         0     10    0          0              4
  Moss                 0         0      0   13          0              2
  ShrubDecid           0         5      4    0          2              0
  ShrubEvergreen       0         1      2    2          1              9
  TreeBroadleaf        0         0      0    0          1              0
  TreeConifer          0         3      0    0          0              0
                Reference
Prediction       TreeBroadleaf TreeConifer
  Abiotic                    0           0
  Graminoid                  1           0
  Lichen                     0           0
  Moss                       0           0
  ShrubDecid                 4           0
  ShrubEvergreen             0           0
  TreeBroadleaf             13           1
  TreeConifer                0          12

Overall Statistics
                                          
               Accuracy : 0.6917          
                 95% CI : (0.6009, 0.7727)
    No Information Rate : 0.15            
    P-Value [Acc > NIR] : < 2.2e-16       
                                          
                  Kappa : 0.6476          
                                          
 Mcnemar's Test P-Value : NA              

Statistics by Class:

                     Class: Abiotic Class: Graminoid Class: Lichen Class: Moss
Sensitivity                  0.9375           0.5000       0.62500      0.8667
Specificity                  1.0000           0.9412       0.95192      0.9810
Pos Pred Value               1.0000           0.6000       0.66667      0.8667
Neg Pred Value               0.9905           0.9143       0.94286      0.9810
Precision                    1.0000           0.6000       0.66667      0.8667
Recall                       0.9375           0.5000       0.62500      0.8667
F1                           0.9677           0.5455       0.64516      0.8667
Prevalence                   0.1333           0.1500       0.13333      0.1250
Detection Rate               0.1250           0.0750       0.08333      0.1083
Detection Prevalence         0.1250           0.1250       0.12500      0.1250
Balanced Accuracy            0.9688           0.7206       0.78846      0.9238
                     Class: ShrubDecid Class: ShrubEvergreen
Sensitivity                    0.28571                0.5294
Specificity                    0.88496                0.9417
Pos Pred Value                 0.13333                0.6000
Neg Pred Value                 0.95238                0.9238
Precision                      0.13333                0.6000
Recall                         0.28571                0.5294
F1                             0.18182                0.5625
Prevalence                     0.05833                0.1417
Detection Rate                 0.01667                0.0750
Detection Prevalence           0.12500                0.1250
Balanced Accuracy              0.58534                0.7356
                     Class: TreeBroadleaf Class: TreeConifer
Sensitivity                        0.7222             0.9231
Specificity                        0.9804             0.9720
Pos Pred Value                     0.8667             0.8000
Neg Pred Value                     0.9524             0.9905
Precision                          0.8667             0.8000
Recall                             0.7222             0.9231
F1                                 0.7879             0.8571
Prevalence                         0.1500             0.1083
Detection Rate                     0.1083             0.1000
Detection Prevalence               0.1250             0.1250
Balanced Accuracy                  0.8513             0.9475
[1] "---------------------- Class Distribution ---------------------"
.
       Abiotic      Graminoid         Lichen           Moss     ShrubDecid 
            16             18             16             15              7 
ShrubEvergreen  TreeBroadleaf    TreeConifer 
            17             18             13 
[1] "-------------------------------------------------------"
[1] "-------------------------------------------------------"
[1] "---------------------- Model Data ---------------------"
[1] "Model Type: PLS-LDA (plsgenomics)"
[1] "Data Index: 16 img_raw_raw.csv no_treatment no_treatment balanced"
[1] "Model UUID: 1cd47d37-2953-4bca-b867-77119f644bac"
[1] "---------------------- Confusion Matrix ---------------------"
Confusion Matrix and Statistics

                Reference
Prediction       Abiotic Graminoid Lichen Moss ShrubDecid ShrubEvergreen
  Abiotic             15         0      0    0          0              0
  Graminoid            0        14      0    0          1              0
  Lichen               1         0     14    0          0              0
  Moss                 0         0      1   13          0              1
  ShrubDecid           0         1      2    0          6              2
  ShrubEvergreen       0         1      0    0          0             14
  TreeBroadleaf        0         0      0    0          0              0
  TreeConifer          0         2      0    0          0              1
                Reference
Prediction       TreeBroadleaf TreeConifer
  Abiotic                    0           0
  Graminoid                  0           0
  Lichen                     0           0
  Moss                       0           0
  ShrubDecid                 4           0
  ShrubEvergreen             0           0
  TreeBroadleaf             15           0
  TreeConifer                0          12

Overall Statistics
                                          
               Accuracy : 0.8583          
                 95% CI : (0.7829, 0.9153)
    No Information Rate : 0.1583          
    P-Value [Acc > NIR] : < 2.2e-16       
                                          
                  Kappa : 0.8381          
                                          
 Mcnemar's Test P-Value : NA              

Statistics by Class:

                     Class: Abiotic Class: Graminoid Class: Lichen Class: Moss
Sensitivity                  0.9375           0.7778        0.8235      1.0000
Specificity                  1.0000           0.9902        0.9903      0.9813
Pos Pred Value               1.0000           0.9333        0.9333      0.8667
Neg Pred Value               0.9905           0.9619        0.9714      1.0000
Precision                    1.0000           0.9333        0.9333      0.8667
Recall                       0.9375           0.7778        0.8235      1.0000
F1                           0.9677           0.8485        0.8750      0.9286
Prevalence                   0.1333           0.1500        0.1417      0.1083
Detection Rate               0.1250           0.1167        0.1167      0.1083
Detection Prevalence         0.1250           0.1250        0.1250      0.1250
Balanced Accuracy            0.9688           0.8840        0.9069      0.9907
                     Class: ShrubDecid Class: ShrubEvergreen
Sensitivity                    0.85714                0.7778
Specificity                    0.92035                0.9902
Pos Pred Value                 0.40000                0.9333
Neg Pred Value                 0.99048                0.9619
Precision                      0.40000                0.9333
Recall                         0.85714                0.7778
F1                             0.54545                0.8485
Prevalence                     0.05833                0.1500
Detection Rate                 0.05000                0.1167
Detection Prevalence           0.12500                0.1250
Balanced Accuracy              0.88875                0.8840
                     Class: TreeBroadleaf Class: TreeConifer
Sensitivity                        0.7895             1.0000
Specificity                        1.0000             0.9722
Pos Pred Value                     1.0000             0.8000
Neg Pred Value                     0.9619             1.0000
Precision                          1.0000             0.8000
Recall                             0.7895             1.0000
F1                                 0.8824             0.8889
Prevalence                         0.1583             0.1000
Detection Rate                     0.1250             0.1000
Detection Prevalence               0.1250             0.1250
Balanced Accuracy                  0.8947             0.9861
[1] "---------------------- Class Distribution ---------------------"
.
       Abiotic      Graminoid         Lichen           Moss     ShrubDecid 
            16             18             17             13              7 
ShrubEvergreen  TreeBroadleaf    TreeConifer 
            18             19             12 
[1] "-------------------------------------------------------"
[1] "-------------------------------------------------------"
[1] "---------------------- Model Data ---------------------"
[1] "Model Type: PLS-LDA (plsgenomics)"
[1] "Data Index: 18 img_raw_raw.csv no_treatment no_treatment balanced"
[1] "Model UUID: dc06aa98-af03-46ad-9ec8-e6f759ff95b9"
[1] "---------------------- Confusion Matrix ---------------------"
Confusion Matrix and Statistics

                Reference
Prediction       Abiotic Graminoid Lichen Moss ShrubDecid ShrubEvergreen
  Abiotic             15         0      0    0          0              0
  Graminoid            0        13      0    0          1              0
  Lichen               0         0     13    0          0              2
  Moss                 0         1      0   13          0              1
  ShrubDecid           0         1      2    0          6              2
  ShrubEvergreen       0         0      1    0          1             13
  TreeBroadleaf        0         0      0    0          0              0
  TreeConifer          0         2      0    0          0              1
                Reference
Prediction       TreeBroadleaf TreeConifer
  Abiotic                    0           0
  Graminoid                  1           0
  Lichen                     0           0
  Moss                       0           0
  ShrubDecid                 4           0
  ShrubEvergreen             0           0
  TreeBroadleaf             15           0
  TreeConifer                0          12

Overall Statistics
                                          
               Accuracy : 0.8333          
                 95% CI : (0.7544, 0.8951)
    No Information Rate : 0.1667          
    P-Value [Acc > NIR] : < 2.2e-16       
                                          
                  Kappa : 0.8095          
                                          
 Mcnemar's Test P-Value : NA              

Statistics by Class:

                     Class: Abiotic Class: Graminoid Class: Lichen Class: Moss
Sensitivity                   1.000           0.7647        0.8125      1.0000
Specificity                   1.000           0.9806        0.9808      0.9813
Pos Pred Value                1.000           0.8667        0.8667      0.8667
Neg Pred Value                1.000           0.9619        0.9714      1.0000
Precision                     1.000           0.8667        0.8667      0.8667
Recall                        1.000           0.7647        0.8125      1.0000
F1                            1.000           0.8125        0.8387      0.9286
Prevalence                    0.125           0.1417        0.1333      0.1083
Detection Rate                0.125           0.1083        0.1083      0.1083
Detection Prevalence          0.125           0.1250        0.1250      0.1250
Balanced Accuracy             1.000           0.8726        0.8966      0.9907
                     Class: ShrubDecid Class: ShrubEvergreen
Sensitivity                    0.75000                0.6842
Specificity                    0.91964                0.9802
Pos Pred Value                 0.40000                0.8667
Neg Pred Value                 0.98095                0.9429
Precision                      0.40000                0.8667
Recall                         0.75000                0.6842
F1                             0.52174                0.7647
Prevalence                     0.06667                0.1583
Detection Rate                 0.05000                0.1083
Detection Prevalence           0.12500                0.1250
Balanced Accuracy              0.83482                0.8322
                     Class: TreeBroadleaf Class: TreeConifer
Sensitivity                        0.7500             1.0000
Specificity                        1.0000             0.9722
Pos Pred Value                     1.0000             0.8000
Neg Pred Value                     0.9524             1.0000
Precision                          1.0000             0.8000
Recall                             0.7500             1.0000
F1                                 0.8571             0.8889
Prevalence                         0.1667             0.1000
Detection Rate                     0.1250             0.1000
Detection Prevalence               0.1250             0.1250
Balanced Accuracy                  0.8750             0.9861
[1] "---------------------- Class Distribution ---------------------"
.
       Abiotic      Graminoid         Lichen           Moss     ShrubDecid 
            15             17             16             13              8 
ShrubEvergreen  TreeBroadleaf    TreeConifer 
            19             20             12 
[1] "-------------------------------------------------------"
[1] "-------------------------------------------------------"
[1] "---------------------- Model Data ---------------------"
[1] "Model Type: PLS-LDA (plsgenomics)"
[1] "Data Index: 20 img_raw_raw.csv no_treatment no_treatment balanced"
[1] "Model UUID: 2d4f12e7-d32a-4dc1-a86d-9775e61cc718"
[1] "---------------------- Confusion Matrix ---------------------"
Confusion Matrix and Statistics

                Reference
Prediction       Abiotic Graminoid Lichen Moss ShrubDecid ShrubEvergreen
  Abiotic             15         0      0    0          0              0
  Graminoid            0        13      0    0          1              0
  Lichen               0         0     14    0          0              1
  Moss                 0         0      0   14          0              1
  ShrubDecid           0         2      3    0          5              1
  ShrubEvergreen       0         0      1    0          1             13
  TreeBroadleaf        0         0      0    0          0              0
  TreeConifer          0         2      0    0          0              1
                Reference
Prediction       TreeBroadleaf TreeConifer
  Abiotic                    0           0
  Graminoid                  1           0
  Lichen                     0           0
  Moss                       0           0
  ShrubDecid                 4           0
  ShrubEvergreen             0           0
  TreeBroadleaf             15           0
  TreeConifer                0          12

Overall Statistics
                                          
               Accuracy : 0.8417          
                 95% CI : (0.7638, 0.9019)
    No Information Rate : 0.1667          
    P-Value [Acc > NIR] : < 2.2e-16       
                                          
                  Kappa : 0.819           
                                          
 Mcnemar's Test P-Value : NA              

Statistics by Class:

                     Class: Abiotic Class: Graminoid Class: Lichen Class: Moss
Sensitivity                   1.000           0.7647        0.7778      1.0000
Specificity                   1.000           0.9806        0.9902      0.9906
Pos Pred Value                1.000           0.8667        0.9333      0.9333
Neg Pred Value                1.000           0.9619        0.9619      1.0000
Precision                     1.000           0.8667        0.9333      0.9333
Recall                        1.000           0.7647        0.7778      1.0000
F1                            1.000           0.8125        0.8485      0.9655
Prevalence                    0.125           0.1417        0.1500      0.1167
Detection Rate                0.125           0.1083        0.1167      0.1167
Detection Prevalence          0.125           0.1250        0.1250      0.1250
Balanced Accuracy             1.000           0.8726        0.8840      0.9953
                     Class: ShrubDecid Class: ShrubEvergreen
Sensitivity                    0.71429                0.7647
Specificity                    0.91150                0.9806
Pos Pred Value                 0.33333                0.8667
Neg Pred Value                 0.98095                0.9619
Precision                      0.33333                0.8667
Recall                         0.71429                0.7647
F1                             0.45455                0.8125
Prevalence                     0.05833                0.1417
Detection Rate                 0.04167                0.1083
Detection Prevalence           0.12500                0.1250
Balanced Accuracy              0.81290                0.8726
                     Class: TreeBroadleaf Class: TreeConifer
Sensitivity                        0.7500             1.0000
Specificity                        1.0000             0.9722
Pos Pred Value                     1.0000             0.8000
Neg Pred Value                     0.9524             1.0000
Precision                          1.0000             0.8000
Recall                             0.7500             1.0000
F1                                 0.8571             0.8889
Prevalence                         0.1667             0.1000
Detection Rate                     0.1250             0.1000
Detection Prevalence               0.1250             0.1250
Balanced Accuracy                  0.8750             0.9861
[1] "---------------------- Class Distribution ---------------------"
.
       Abiotic      Graminoid         Lichen           Moss     ShrubDecid 
            15             17             18             14              7 
ShrubEvergreen  TreeBroadleaf    TreeConifer 
            17             20             12 
[1] "-------------------------------------------------------"
[1] "-------------------------------------------------------"
[1] "---------------------- Model Data ---------------------"
[1] "Model Type: PLS-LDA (plsgenomics)"
[1] "Data Index: 24 img_raw_raw.csv no_treatment no_treatment balanced"
[1] "Model UUID: 4ed9cba3-3ae2-43ff-bc49-a80e5d24fc2f"
[1] "---------------------- Confusion Matrix ---------------------"
Confusion Matrix and Statistics

                Reference
Prediction       Abiotic Graminoid Lichen Moss ShrubDecid ShrubEvergreen
  Abiotic             15         0      0    0          0              0
  Graminoid            0        14      0    0          1              0
  Lichen               0         0     15    0          0              0
  Moss                 0         0      0   14          0              1
  ShrubDecid           0         1      3    0          6              1
  ShrubEvergreen       0         0      1    0          1             13
  TreeBroadleaf        0         0      0    0          0              0
  TreeConifer          0         2      0    0          0              1
                Reference
Prediction       TreeBroadleaf TreeConifer
  Abiotic                    0           0
  Graminoid                  0           0
  Lichen                     0           0
  Moss                       0           0
  ShrubDecid                 4           0
  ShrubEvergreen             0           0
  TreeBroadleaf             15           0
  TreeConifer                0          12

Overall Statistics
                                          
               Accuracy : 0.8667          
                 95% CI : (0.7925, 0.9218)
    No Information Rate : 0.1583          
    P-Value [Acc > NIR] : < 2.2e-16       
                                          
                  Kappa : 0.8476          
                                          
 Mcnemar's Test P-Value : NA              

Statistics by Class:

                     Class: Abiotic Class: Graminoid Class: Lichen Class: Moss
Sensitivity                   1.000           0.8235        0.7895      1.0000
Specificity                   1.000           0.9903        1.0000      0.9906
Pos Pred Value                1.000           0.9333        1.0000      0.9333
Neg Pred Value                1.000           0.9714        0.9619      1.0000
Precision                     1.000           0.9333        1.0000      0.9333
Recall                        1.000           0.8235        0.7895      1.0000
F1                            1.000           0.8750        0.8824      0.9655
Prevalence                    0.125           0.1417        0.1583      0.1167
Detection Rate                0.125           0.1167        0.1250      0.1167
Detection Prevalence          0.125           0.1250        0.1250      0.1250
Balanced Accuracy             1.000           0.9069        0.8947      0.9953
                     Class: ShrubDecid Class: ShrubEvergreen
Sensitivity                    0.75000                0.8125
Specificity                    0.91964                0.9808
Pos Pred Value                 0.40000                0.8667
Neg Pred Value                 0.98095                0.9714
Precision                      0.40000                0.8667
Recall                         0.75000                0.8125
F1                             0.52174                0.8387
Prevalence                     0.06667                0.1333
Detection Rate                 0.05000                0.1083
Detection Prevalence           0.12500                0.1250
Balanced Accuracy              0.83482                0.8966
                     Class: TreeBroadleaf Class: TreeConifer
Sensitivity                        0.7895             1.0000
Specificity                        1.0000             0.9722
Pos Pred Value                     1.0000             0.8000
Neg Pred Value                     0.9619             1.0000
Precision                          1.0000             0.8000
Recall                             0.7895             1.0000
F1                                 0.8824             0.8889
Prevalence                         0.1583             0.1000
Detection Rate                     0.1250             0.1000
Detection Prevalence               0.1250             0.1250
Balanced Accuracy                  0.8947             0.9861
[1] "---------------------- Class Distribution ---------------------"
.
       Abiotic      Graminoid         Lichen           Moss     ShrubDecid 
            15             17             19             14              8 
ShrubEvergreen  TreeBroadleaf    TreeConifer 
            16             19             12 
[1] "-------------------------------------------------------"
[1] "-------------------------------------------------------"
[1] "---------------------- Model Data ---------------------"
[1] "Model Type: PLS-LDA (plsgenomics)"
[1] "Data Index: 32 img_raw_raw.csv no_treatment no_treatment balanced"
[1] "Model UUID: 287f5e11-b423-4255-8f44-d935edd7f169"
[1] "---------------------- Confusion Matrix ---------------------"
Confusion Matrix and Statistics

                Reference
Prediction       Abiotic Graminoid Lichen Moss ShrubDecid ShrubEvergreen
  Abiotic             15         0      0    0          0              0
  Graminoid            0        13      0    0          1              0
  Lichen               0         0     13    0          0              2
  Moss                 0         1      0   14          0              0
  ShrubDecid           0         2      2    1          4              2
  ShrubEvergreen       0         0      0    0          1             14
  TreeBroadleaf        0         0      0    0          0              0
  TreeConifer          0         2      0    0          0              1
                Reference
Prediction       TreeBroadleaf TreeConifer
  Abiotic                    0           0
  Graminoid                  0           1
  Lichen                     0           0
  Moss                       0           0
  ShrubDecid                 4           0
  ShrubEvergreen             0           0
  TreeBroadleaf             15           0
  TreeConifer                0          12

Overall Statistics
                                          
               Accuracy : 0.8333          
                 95% CI : (0.7544, 0.8951)
    No Information Rate : 0.1583          
    P-Value [Acc > NIR] : < 2.2e-16       
                                          
                  Kappa : 0.8095          
                                          
 Mcnemar's Test P-Value : NA              

Statistics by Class:

                     Class: Abiotic Class: Graminoid Class: Lichen Class: Moss
Sensitivity                   1.000           0.7222        0.8667      0.9333
Specificity                   1.000           0.9804        0.9810      0.9905
Pos Pred Value                1.000           0.8667        0.8667      0.9333
Neg Pred Value                1.000           0.9524        0.9810      0.9905
Precision                     1.000           0.8667        0.8667      0.9333
Recall                        1.000           0.7222        0.8667      0.9333
F1                            1.000           0.7879        0.8667      0.9333
Prevalence                    0.125           0.1500        0.1250      0.1250
Detection Rate                0.125           0.1083        0.1083      0.1167
Detection Prevalence          0.125           0.1250        0.1250      0.1250
Balanced Accuracy             1.000           0.8513        0.9238      0.9619
                     Class: ShrubDecid Class: ShrubEvergreen
Sensitivity                    0.66667                0.7368
Specificity                    0.90351                0.9901
Pos Pred Value                 0.26667                0.9333
Neg Pred Value                 0.98095                0.9524
Precision                      0.26667                0.9333
Recall                         0.66667                0.7368
F1                             0.38095                0.8235
Prevalence                     0.05000                0.1583
Detection Rate                 0.03333                0.1167
Detection Prevalence           0.12500                0.1250
Balanced Accuracy              0.78509                0.8635
                     Class: TreeBroadleaf Class: TreeConifer
Sensitivity                        0.7895             0.9231
Specificity                        1.0000             0.9720
Pos Pred Value                     1.0000             0.8000
Neg Pred Value                     0.9619             0.9905
Precision                          1.0000             0.8000
Recall                             0.7895             0.9231
F1                                 0.8824             0.8571
Prevalence                         0.1583             0.1083
Detection Rate                     0.1250             0.1000
Detection Prevalence               0.1250             0.1250
Balanced Accuracy                  0.8947             0.9475
[1] "---------------------- Class Distribution ---------------------"
.
       Abiotic      Graminoid         Lichen           Moss     ShrubDecid 
            15             18             15             15              6 
ShrubEvergreen  TreeBroadleaf    TreeConifer 
            19             19             13 
[1] "-------------------------------------------------------"
[1] "-------------------------------------------------------"
[1] "---------------------- Model Data ---------------------"
[1] "Model Type: PLS-LDA (plsgenomics)"
[1] "Data Index: 50 img_raw_raw.csv no_treatment no_treatment balanced"
[1] "Model UUID: 832910eb-6ce4-4a11-beeb-d3a983e9e199"
[1] "---------------------- Confusion Matrix ---------------------"
Confusion Matrix and Statistics

                Reference
Prediction       Abiotic Graminoid Lichen Moss ShrubDecid ShrubEvergreen
  Abiotic             15         0      0    0          0              0
  Graminoid            0        13      0    0          1              0
  Lichen               0         0     14    0          0              1
  Moss                 0         0      0   15          0              0
  ShrubDecid           0         3      1    0          6              2
  ShrubEvergreen       0         0      0    0          1             14
  TreeBroadleaf        0         0      0    0          0              0
  TreeConifer          0         0      0    0          0              0
                Reference
Prediction       TreeBroadleaf TreeConifer
  Abiotic                    0           0
  Graminoid                  0           1
  Lichen                     0           0
  Moss                       0           0
  ShrubDecid                 3           0
  ShrubEvergreen             0           0
  TreeBroadleaf             15           0
  TreeConifer                0          15

Overall Statistics
                                         
               Accuracy : 0.8917         
                 95% CI : (0.8219, 0.941)
    No Information Rate : 0.15           
    P-Value [Acc > NIR] : < 2.2e-16      
                                         
                  Kappa : 0.8762         
                                         
 Mcnemar's Test P-Value : NA             

Statistics by Class:

                     Class: Abiotic Class: Graminoid Class: Lichen Class: Moss
Sensitivity                   1.000           0.8125        0.9333       1.000
Specificity                   1.000           0.9808        0.9905       1.000
Pos Pred Value                1.000           0.8667        0.9333       1.000
Neg Pred Value                1.000           0.9714        0.9905       1.000
Precision                     1.000           0.8667        0.9333       1.000
Recall                        1.000           0.8125        0.9333       1.000
F1                            1.000           0.8387        0.9333       1.000
Prevalence                    0.125           0.1333        0.1250       0.125
Detection Rate                0.125           0.1083        0.1167       0.125
Detection Prevalence          0.125           0.1250        0.1250       0.125
Balanced Accuracy             1.000           0.8966        0.9619       1.000
                     Class: ShrubDecid Class: ShrubEvergreen
Sensitivity                    0.75000                0.8235
Specificity                    0.91964                0.9903
Pos Pred Value                 0.40000                0.9333
Neg Pred Value                 0.98095                0.9714
Precision                      0.40000                0.9333
Recall                         0.75000                0.8235
F1                             0.52174                0.8750
Prevalence                     0.06667                0.1417
Detection Rate                 0.05000                0.1167
Detection Prevalence           0.12500                0.1250
Balanced Accuracy              0.83482                0.9069
                     Class: TreeBroadleaf Class: TreeConifer
Sensitivity                        0.8333             0.9375
Specificity                        1.0000             1.0000
Pos Pred Value                     1.0000             1.0000
Neg Pred Value                     0.9714             0.9905
Precision                          1.0000             1.0000
Recall                             0.8333             0.9375
F1                                 0.9091             0.9677
Prevalence                         0.1500             0.1333
Detection Rate                     0.1250             0.1250
Detection Prevalence               0.1250             0.1250
Balanced Accuracy                  0.9167             0.9688
[1] "---------------------- Class Distribution ---------------------"
.
       Abiotic      Graminoid         Lichen           Moss     ShrubDecid 
            15             16             15             15              8 
ShrubEvergreen  TreeBroadleaf    TreeConifer 
            17             18             16 
[1] "-------------------------------------------------------"
[1] "-------------------------------------------------------"
[1] "---------------------- Model Data ---------------------"
[1] "Model Type: PLS-LDA (plsgenomics)"
[1] "Data Index: 64 img_raw_raw.csv no_treatment no_treatment balanced"
[1] "Model UUID: 24d0e957-5379-49f0-bdb2-510f0f47a5a8"
[1] "---------------------- Confusion Matrix ---------------------"
Confusion Matrix and Statistics

                Reference
Prediction       Abiotic Graminoid Lichen Moss ShrubDecid ShrubEvergreen
  Abiotic             15         0      0    0          0              0
  Graminoid            0        14      0    0          1              0
  Lichen               0         0     14    0          0              1
  Moss                 0         0      0   15          0              0
  ShrubDecid           0         2      1    0         10              1
  ShrubEvergreen       0         0      0    0          0             15
  TreeBroadleaf        0         0      0    0          0              0
  TreeConifer          0         0      0    0          0              0
                Reference
Prediction       TreeBroadleaf TreeConifer
  Abiotic                    0           0
  Graminoid                  0           0
  Lichen                     0           0
  Moss                       0           0
  ShrubDecid                 1           0
  ShrubEvergreen             0           0
  TreeBroadleaf             15           0
  TreeConifer                0          15

Overall Statistics
                                          
               Accuracy : 0.9417          
                 95% CI : (0.8835, 0.9762)
    No Information Rate : 0.1417          
    P-Value [Acc > NIR] : < 2.2e-16       
                                          
                  Kappa : 0.9333          
                                          
 Mcnemar's Test P-Value : NA              

Statistics by Class:

                     Class: Abiotic Class: Graminoid Class: Lichen Class: Moss
Sensitivity                   1.000           0.8750        0.9333       1.000
Specificity                   1.000           0.9904        0.9905       1.000
Pos Pred Value                1.000           0.9333        0.9333       1.000
Neg Pred Value                1.000           0.9810        0.9905       1.000
Precision                     1.000           0.9333        0.9333       1.000
Recall                        1.000           0.8750        0.9333       1.000
F1                            1.000           0.9032        0.9333       1.000
Prevalence                    0.125           0.1333        0.1250       0.125
Detection Rate                0.125           0.1167        0.1167       0.125
Detection Prevalence          0.125           0.1250        0.1250       0.125
Balanced Accuracy             1.000           0.9327        0.9619       1.000
                     Class: ShrubDecid Class: ShrubEvergreen
Sensitivity                    0.90909                0.8824
Specificity                    0.95413                1.0000
Pos Pred Value                 0.66667                1.0000
Neg Pred Value                 0.99048                0.9810
Precision                      0.66667                1.0000
Recall                         0.90909                0.8824
F1                             0.76923                0.9375
Prevalence                     0.09167                0.1417
Detection Rate                 0.08333                0.1250
Detection Prevalence           0.12500                0.1250
Balanced Accuracy              0.93161                0.9412
                     Class: TreeBroadleaf Class: TreeConifer
Sensitivity                        0.9375              1.000
Specificity                        1.0000              1.000
Pos Pred Value                     1.0000              1.000
Neg Pred Value                     0.9905              1.000
Precision                          1.0000              1.000
Recall                             0.9375              1.000
F1                                 0.9677              1.000
Prevalence                         0.1333              0.125
Detection Rate                     0.1250              0.125
Detection Prevalence               0.1250              0.125
Balanced Accuracy                  0.9688              1.000
[1] "---------------------- Class Distribution ---------------------"
.
       Abiotic      Graminoid         Lichen           Moss     ShrubDecid 
            15             16             15             15             11 
ShrubEvergreen  TreeBroadleaf    TreeConifer 
            17             16             15 
[1] "-------------------------------------------------------"
[1] "-------------------------------------------------------"
[1] "---------------------- Model Data ---------------------"
[1] "Model Type: PLS-LDA (plsgenomics)"
[1] "Data Index: 75 img_raw_raw.csv no_treatment no_treatment balanced"
[1] "Model UUID: 7db5e13c-9df3-4f9d-8a69-46f3cd5c4a47"
[1] "---------------------- Confusion Matrix ---------------------"
Confusion Matrix and Statistics

                Reference
Prediction       Abiotic Graminoid Lichen Moss ShrubDecid ShrubEvergreen
  Abiotic             15         0      0    0          0              0
  Graminoid            0        14      0    0          1              0
  Lichen               0         0     14    0          0              1
  Moss                 0         0      0   15          0              0
  ShrubDecid           0         2      1    0         10              1
  ShrubEvergreen       0         0      0    0          1             14
  TreeBroadleaf        0         0      0    0          0              0
  TreeConifer          0         0      0    0          0              0
                Reference
Prediction       TreeBroadleaf TreeConifer
  Abiotic                    0           0
  Graminoid                  0           0
  Lichen                     0           0
  Moss                       0           0
  ShrubDecid                 1           0
  ShrubEvergreen             0           0
  TreeBroadleaf             15           0
  TreeConifer                0          15

Overall Statistics
                                          
               Accuracy : 0.9333          
                 95% CI : (0.8729, 0.9708)
    No Information Rate : 0.1333          
    P-Value [Acc > NIR] : < 2.2e-16       
                                          
                  Kappa : 0.9238          
                                          
 Mcnemar's Test P-Value : NA              

Statistics by Class:

                     Class: Abiotic Class: Graminoid Class: Lichen Class: Moss
Sensitivity                   1.000           0.8750        0.9333       1.000
Specificity                   1.000           0.9904        0.9905       1.000
Pos Pred Value                1.000           0.9333        0.9333       1.000
Neg Pred Value                1.000           0.9810        0.9905       1.000
Precision                     1.000           0.9333        0.9333       1.000
Recall                        1.000           0.8750        0.9333       1.000
F1                            1.000           0.9032        0.9333       1.000
Prevalence                    0.125           0.1333        0.1250       0.125
Detection Rate                0.125           0.1167        0.1167       0.125
Detection Prevalence          0.125           0.1250        0.1250       0.125
Balanced Accuracy             1.000           0.9327        0.9619       1.000
                     Class: ShrubDecid Class: ShrubEvergreen
Sensitivity                    0.83333                0.8750
Specificity                    0.95370                0.9904
Pos Pred Value                 0.66667                0.9333
Neg Pred Value                 0.98095                0.9810
Precision                      0.66667                0.9333
Recall                         0.83333                0.8750
F1                             0.74074                0.9032
Prevalence                     0.10000                0.1333
Detection Rate                 0.08333                0.1167
Detection Prevalence           0.12500                0.1250
Balanced Accuracy              0.89352                0.9327
                     Class: TreeBroadleaf Class: TreeConifer
Sensitivity                        0.9375              1.000
Specificity                        1.0000              1.000
Pos Pred Value                     1.0000              1.000
Neg Pred Value                     0.9905              1.000
Precision                          1.0000              1.000
Recall                             0.9375              1.000
F1                                 0.9677              1.000
Prevalence                         0.1333              0.125
Detection Rate                     0.1250              0.125
Detection Prevalence               0.1250              0.125
Balanced Accuracy                  0.9688              1.000
[1] "---------------------- Class Distribution ---------------------"
.
       Abiotic      Graminoid         Lichen           Moss     ShrubDecid 
            15             16             15             15             12 
ShrubEvergreen  TreeBroadleaf    TreeConifer 
            16             16             15 
[1] "-------------------------------------------------------"
[1] "-------------------------------------------------------"
[1] "---------------------- Model Data ---------------------"
[1] "Model Type: PLS-LDA (plsgenomics)"
[1] "Data Index: 100 img_raw_raw.csv no_treatment no_treatment balanced"
[1] "Model UUID: 7efe240f-8fa2-422e-ab82-08667376e00e"
[1] "---------------------- Confusion Matrix ---------------------"
Confusion Matrix and Statistics

                Reference
Prediction       Abiotic Graminoid Lichen Moss ShrubDecid ShrubEvergreen
  Abiotic             15         0      0    0          0              0
  Graminoid            0        14      0    0          1              0
  Lichen               0         0     14    0          0              1
  Moss                 0         0      0   15          0              0
  ShrubDecid           0         1      1    0         12              1
  ShrubEvergreen       0         0      0    0          0             15
  TreeBroadleaf        0         0      0    0          0              0
  TreeConifer          0         0      0    0          0              0
                Reference
Prediction       TreeBroadleaf TreeConifer
  Abiotic                    0           0
  Graminoid                  0           0
  Lichen                     0           0
  Moss                       0           0
  ShrubDecid                 0           0
  ShrubEvergreen             0           0
  TreeBroadleaf             15           0
  TreeConifer                0          15

Overall Statistics
                                          
               Accuracy : 0.9583          
                 95% CI : (0.9054, 0.9863)
    No Information Rate : 0.1417          
    P-Value [Acc > NIR] : < 2.2e-16       
                                          
                  Kappa : 0.9524          
                                          
 Mcnemar's Test P-Value : NA              

Statistics by Class:

                     Class: Abiotic Class: Graminoid Class: Lichen Class: Moss
Sensitivity                   1.000           0.9333        0.9333       1.000
Specificity                   1.000           0.9905        0.9905       1.000
Pos Pred Value                1.000           0.9333        0.9333       1.000
Neg Pred Value                1.000           0.9905        0.9905       1.000
Precision                     1.000           0.9333        0.9333       1.000
Recall                        1.000           0.9333        0.9333       1.000
F1                            1.000           0.9333        0.9333       1.000
Prevalence                    0.125           0.1250        0.1250       0.125
Detection Rate                0.125           0.1167        0.1167       0.125
Detection Prevalence          0.125           0.1250        0.1250       0.125
Balanced Accuracy             1.000           0.9619        0.9619       1.000
                     Class: ShrubDecid Class: ShrubEvergreen
Sensitivity                     0.9231                0.8824
Specificity                     0.9720                1.0000
Pos Pred Value                  0.8000                1.0000
Neg Pred Value                  0.9905                0.9810
Precision                       0.8000                1.0000
Recall                          0.9231                0.8824
F1                              0.8571                0.9375
Prevalence                      0.1083                0.1417
Detection Rate                  0.1000                0.1250
Detection Prevalence            0.1250                0.1250
Balanced Accuracy               0.9475                0.9412
                     Class: TreeBroadleaf Class: TreeConifer
Sensitivity                         1.000              1.000
Specificity                         1.000              1.000
Pos Pred Value                      1.000              1.000
Neg Pred Value                      1.000              1.000
Precision                           1.000              1.000
Recall                              1.000              1.000
F1                                  1.000              1.000
Prevalence                          0.125              0.125
Detection Rate                      0.125              0.125
Detection Prevalence                0.125              0.125
Balanced Accuracy                   1.000              1.000
[1] "---------------------- Class Distribution ---------------------"
.
       Abiotic      Graminoid         Lichen           Moss     ShrubDecid 
            15             15             15             15             13 
ShrubEvergreen  TreeBroadleaf    TreeConifer 
            17             15             15 
[1] "-------------------------------------------------------"
