[1] "-------------------------------------------------------"
[1] "---------------------- Model Data ---------------------"
[1] "Model Type: Ranger (Random Forest)"
[1] "Data Index: grd_raw_raw.csv no_treatment robust no_treatment"
[1] "Model UUID: 840baac1-1c0d-4714-95d5-fba2f0dd76ee"
[1] "---------------------- Confusion Matrix ---------------------"
Confusion Matrix and Statistics

                Reference
Prediction       Abiotic Graminoid Lichen Moss ShrubDecid ShrubEvergreen
  Abiotic             15         0      0    0          0              0
  Graminoid            0         0      0    0          0              0
  Lichen               0         0     15    6          4              9
  Moss                 0         0      0    0          0              0
  ShrubDecid           0        15      0    9         11              6
  ShrubEvergreen       0         0      0    0          0              0
  TreeBroadleaf        0         0      0    0          0              0
  TreeConifer          0         0      0    0          0              0
  Forb                 0         0      0    0          0              0
                Reference
Prediction       TreeBroadleaf TreeConifer Forb
  Abiotic                    0           0    0
  Graminoid                  0           0    0
  Lichen                     0           0    0
  Moss                       0           0    0
  ShrubDecid                15          15    0
  ShrubEvergreen             0           0    0
  TreeBroadleaf              0           0    0
  TreeConifer                0           0    0
  Forb                       0           0    0

Overall Statistics
                                          
               Accuracy : 0.3417          
                 95% CI : (0.2576, 0.4338)
    No Information Rate : 0.125           
    P-Value [Acc > NIR] : 7.502e-10       
                                          
                  Kappa : 0.2476          
                                          
 Mcnemar's Test P-Value : NA              

Statistics by Class:

                     Class: Abiotic Class: Graminoid Class: Lichen Class: Moss
Sensitivity                   1.000            0.000        1.0000       0.000
Specificity                   1.000            1.000        0.8190       1.000
Pos Pred Value                1.000              NaN        0.4412         NaN
Neg Pred Value                1.000            0.875        1.0000       0.875
Precision                     1.000               NA        0.4412          NA
Recall                        1.000            0.000        1.0000       0.000
F1                            1.000               NA        0.6122          NA
Prevalence                    0.125            0.125        0.1250       0.125
Detection Rate                0.125            0.000        0.1250       0.000
Detection Prevalence          0.125            0.000        0.2833       0.000
Balanced Accuracy             1.000            0.500        0.9095       0.500
                     Class: ShrubDecid Class: ShrubEvergreen
Sensitivity                    0.73333                 0.000
Specificity                    0.42857                 1.000
Pos Pred Value                 0.15493                   NaN
Neg Pred Value                 0.91837                 0.875
Precision                      0.15493                    NA
Recall                         0.73333                 0.000
F1                             0.25581                    NA
Prevalence                     0.12500                 0.125
Detection Rate                 0.09167                 0.000
Detection Prevalence           0.59167                 0.000
Balanced Accuracy              0.58095                 0.500
                     Class: TreeBroadleaf Class: TreeConifer Class: Forb
Sensitivity                         0.000              0.000          NA
Specificity                         1.000              1.000           1
Pos Pred Value                        NaN                NaN          NA
Neg Pred Value                      0.875              0.875          NA
Precision                              NA                 NA          NA
Recall                              0.000              0.000          NA
F1                                     NA                 NA          NA
Prevalence                          0.125              0.125           0
Detection Rate                      0.000              0.000           0
Detection Prevalence                0.000              0.000           0
Balanced Accuracy                   0.500              0.500          NA
[1] "---------------------- Class Distribution ---------------------"
.
   Abiotic     Lichen ShrubDecid 
        15         34         71 
[1] "-------------------------------------------------------"
[1] "-------------------------------------------------------"
[1] "---------------------- Model Data ---------------------"
[1] "Model Type: Ranger (Random Forest)"
[1] "Data Index: grd_raw_raw.csv no_treatment robust no_treatment"
[1] "Model UUID: 1ad6e16b-a8ea-4a91-bee5-af9f36784a79"
[1] "---------------------- Confusion Matrix ---------------------"
Confusion Matrix and Statistics

                Reference
Prediction       Abiotic Graminoid Lichen Moss ShrubDecid ShrubEvergreen
  Abiotic             15         0      0    0          0              0
  Graminoid            0         0      0    0          0              0
  Lichen               0         0     15    6          4              9
  Moss                 0         0      0    0          0              0
  ShrubDecid           0        15      0    9         11              6
  ShrubEvergreen       0         0      0    0          0              0
  TreeBroadleaf        0         0      0    0          0              0
  TreeConifer          0         0      0    0          0              0
  Forb                 0         0      0    0          0              0
                Reference
Prediction       TreeBroadleaf TreeConifer Forb
  Abiotic                    0           0    0
  Graminoid                  0           0    0
  Lichen                     0           0    0
  Moss                       0           0    0
  ShrubDecid                15          15    0
  ShrubEvergreen             0           0    0
  TreeBroadleaf              0           0    0
  TreeConifer                0           0    0
  Forb                       0           0    0

Overall Statistics
                                          
               Accuracy : 0.3417          
                 95% CI : (0.2576, 0.4338)
    No Information Rate : 0.125           
    P-Value [Acc > NIR] : 7.502e-10       
                                          
                  Kappa : 0.2476          
                                          
 Mcnemar's Test P-Value : NA              

Statistics by Class:

                     Class: Abiotic Class: Graminoid Class: Lichen Class: Moss
Sensitivity                   1.000            0.000        1.0000       0.000
Specificity                   1.000            1.000        0.8190       1.000
Pos Pred Value                1.000              NaN        0.4412         NaN
Neg Pred Value                1.000            0.875        1.0000       0.875
Precision                     1.000               NA        0.4412          NA
Recall                        1.000            0.000        1.0000       0.000
F1                            1.000               NA        0.6122          NA
Prevalence                    0.125            0.125        0.1250       0.125
Detection Rate                0.125            0.000        0.1250       0.000
Detection Prevalence          0.125            0.000        0.2833       0.000
Balanced Accuracy             1.000            0.500        0.9095       0.500
                     Class: ShrubDecid Class: ShrubEvergreen
Sensitivity                    0.73333                 0.000
Specificity                    0.42857                 1.000
Pos Pred Value                 0.15493                   NaN
Neg Pred Value                 0.91837                 0.875
Precision                      0.15493                    NA
Recall                         0.73333                 0.000
F1                             0.25581                    NA
Prevalence                     0.12500                 0.125
Detection Rate                 0.09167                 0.000
Detection Prevalence           0.59167                 0.000
Balanced Accuracy              0.58095                 0.500
                     Class: TreeBroadleaf Class: TreeConifer Class: Forb
Sensitivity                         0.000              0.000          NA
Specificity                         1.000              1.000           1
Pos Pred Value                        NaN                NaN          NA
Neg Pred Value                      0.875              0.875          NA
Precision                              NA                 NA          NA
Recall                              0.000              0.000          NA
F1                                     NA                 NA          NA
Prevalence                          0.125              0.125           0
Detection Rate                      0.000              0.000           0
Detection Prevalence                0.000              0.000           0
Balanced Accuracy                   0.500              0.500          NA
[1] "---------------------- Class Distribution ---------------------"
.
   Abiotic     Lichen ShrubDecid 
        15         34         71 
[1] "-------------------------------------------------------"
[1] "-------------------------------------------------------"
[1] "---------------------- Model Data ---------------------"
[1] "Model Type: Ranger (Random Forest)"
[1] "Data Index: grd_raw_raw.csv no_treatment robust no_treatment"
[1] "Model UUID: 792cc9f0-2a25-4546-8d9f-b6852a5dc741"
[1] "---------------------- Confusion Matrix ---------------------"
Confusion Matrix and Statistics

                Reference
Prediction       Abiotic Graminoid Lichen Moss ShrubDecid ShrubEvergreen
  Abiotic             15         0      0    0          0              0
  Graminoid            0         0      0    0          0              0
  Lichen               0         0     15    6          4              9
  Moss                 0         0      0    0          0              0
  ShrubDecid           0        15      0    9         11              6
  ShrubEvergreen       0         0      0    0          0              0
  TreeBroadleaf        0         0      0    0          0              0
  TreeConifer          0         0      0    0          0              0
  Forb                 0         0      0    0          0              0
                Reference
Prediction       TreeBroadleaf TreeConifer Forb
  Abiotic                    0           0    0
  Graminoid                  0           0    0
  Lichen                     0           0    0
  Moss                       0           0    0
  ShrubDecid                15          15    0
  ShrubEvergreen             0           0    0
  TreeBroadleaf              0           0    0
  TreeConifer                0           0    0
  Forb                       0           0    0

Overall Statistics
                                          
               Accuracy : 0.3417          
                 95% CI : (0.2576, 0.4338)
    No Information Rate : 0.125           
    P-Value [Acc > NIR] : 7.502e-10       
                                          
                  Kappa : 0.2476          
                                          
 Mcnemar's Test P-Value : NA              

Statistics by Class:

                     Class: Abiotic Class: Graminoid Class: Lichen Class: Moss
Sensitivity                   1.000            0.000        1.0000       0.000
Specificity                   1.000            1.000        0.8190       1.000
Pos Pred Value                1.000              NaN        0.4412         NaN
Neg Pred Value                1.000            0.875        1.0000       0.875
Precision                     1.000               NA        0.4412          NA
Recall                        1.000            0.000        1.0000       0.000
F1                            1.000               NA        0.6122          NA
Prevalence                    0.125            0.125        0.1250       0.125
Detection Rate                0.125            0.000        0.1250       0.000
Detection Prevalence          0.125            0.000        0.2833       0.000
Balanced Accuracy             1.000            0.500        0.9095       0.500
                     Class: ShrubDecid Class: ShrubEvergreen
Sensitivity                    0.73333                 0.000
Specificity                    0.42857                 1.000
Pos Pred Value                 0.15493                   NaN
Neg Pred Value                 0.91837                 0.875
Precision                      0.15493                    NA
Recall                         0.73333                 0.000
F1                             0.25581                    NA
Prevalence                     0.12500                 0.125
Detection Rate                 0.09167                 0.000
Detection Prevalence           0.59167                 0.000
Balanced Accuracy              0.58095                 0.500
                     Class: TreeBroadleaf Class: TreeConifer Class: Forb
Sensitivity                         0.000              0.000          NA
Specificity                         1.000              1.000           1
Pos Pred Value                        NaN                NaN          NA
Neg Pred Value                      0.875              0.875          NA
Precision                              NA                 NA          NA
Recall                              0.000              0.000          NA
F1                                     NA                 NA          NA
Prevalence                          0.125              0.125           0
Detection Rate                      0.000              0.000           0
Detection Prevalence                0.000              0.000           0
Balanced Accuracy                   0.500              0.500          NA
[1] "---------------------- Class Distribution ---------------------"
.
   Abiotic     Lichen ShrubDecid 
        15         34         71 
[1] "-------------------------------------------------------"
[1] "-------------------------------------------------------"
[1] "---------------------- Model Data ---------------------"
[1] "Model Type: Ranger (Random Forest)"
[1] "Data Index: grd_raw_raw.csv no_treatment robust balanced"
[1] "Model UUID: d124b096-658e-4c2a-9faa-4e48cef6f35b"
[1] "---------------------- Confusion Matrix ---------------------"
Confusion Matrix and Statistics

                Reference
Prediction       Abiotic Graminoid Lichen Moss ShrubDecid ShrubEvergreen
  Abiotic             15         0      0    0          0              0
  Graminoid            0         0      0    0          0              0
  Lichen               0         0     15    6          4              9
  Moss                 0         0      0    0          0              0
  ShrubDecid           0        15      0    9         11              6
  ShrubEvergreen       0         0      0    0          0              0
  TreeBroadleaf        0         0      0    0          0              0
  TreeConifer          0         0      0    0          0              0
  Forb                 0         0      0    0          0              0
                Reference
Prediction       TreeBroadleaf TreeConifer Forb
  Abiotic                    0           0    0
  Graminoid                  0           0    0
  Lichen                     0           0    0
  Moss                       0           0    0
  ShrubDecid                15          15    0
  ShrubEvergreen             0           0    0
  TreeBroadleaf              0           0    0
  TreeConifer                0           0    0
  Forb                       0           0    0

Overall Statistics
                                          
               Accuracy : 0.3417          
                 95% CI : (0.2576, 0.4338)
    No Information Rate : 0.125           
    P-Value [Acc > NIR] : 7.502e-10       
                                          
                  Kappa : 0.2476          
                                          
 Mcnemar's Test P-Value : NA              

Statistics by Class:

                     Class: Abiotic Class: Graminoid Class: Lichen Class: Moss
Sensitivity                   1.000            0.000        1.0000       0.000
Specificity                   1.000            1.000        0.8190       1.000
Pos Pred Value                1.000              NaN        0.4412         NaN
Neg Pred Value                1.000            0.875        1.0000       0.875
Precision                     1.000               NA        0.4412          NA
Recall                        1.000            0.000        1.0000       0.000
F1                            1.000               NA        0.6122          NA
Prevalence                    0.125            0.125        0.1250       0.125
Detection Rate                0.125            0.000        0.1250       0.000
Detection Prevalence          0.125            0.000        0.2833       0.000
Balanced Accuracy             1.000            0.500        0.9095       0.500
                     Class: ShrubDecid Class: ShrubEvergreen
Sensitivity                    0.73333                 0.000
Specificity                    0.42857                 1.000
Pos Pred Value                 0.15493                   NaN
Neg Pred Value                 0.91837                 0.875
Precision                      0.15493                    NA
Recall                         0.73333                 0.000
F1                             0.25581                    NA
Prevalence                     0.12500                 0.125
Detection Rate                 0.09167                 0.000
Detection Prevalence           0.59167                 0.000
Balanced Accuracy              0.58095                 0.500
                     Class: TreeBroadleaf Class: TreeConifer Class: Forb
Sensitivity                         0.000              0.000          NA
Specificity                         1.000              1.000           1
Pos Pred Value                        NaN                NaN          NA
Neg Pred Value                      0.875              0.875          NA
Precision                              NA                 NA          NA
Recall                              0.000              0.000          NA
F1                                     NA                 NA          NA
Prevalence                          0.125              0.125           0
Detection Rate                      0.000              0.000           0
Detection Prevalence                0.000              0.000           0
Balanced Accuracy                   0.500              0.500          NA
[1] "---------------------- Class Distribution ---------------------"
.
   Abiotic     Lichen ShrubDecid 
        15         34         71 
[1] "-------------------------------------------------------"
